[0.214s] DEBUG:colcon:Command line arguments: ['/usr/bin/colcon', 'build', '--symlink-install']
[0.214s] DEBUG:colcon:Parsed command line arguments: Namespace(log_base=None, log_level=None, verb_name='build', build_base='build', install_base='install', merge_install=False, symlink_install=True, test_result_base=None, continue_on_error=False, executor='parallel', parallel_workers=12, event_handlers=None, ignore_user_meta=False, metas=['./colcon.meta'], base_paths=['.'], packages_ignore=None, packages_ignore_regex=None, paths=None, packages_up_to=None, packages_up_to_regex=None, packages_above=None, packages_above_and_dependencies=None, packages_above_depth=None, packages_select_by_dep=None, packages_skip_by_dep=None, packages_skip_up_to=None, packages_select_build_failed=False, packages_skip_build_finished=False, packages_select_test_failures=False, packages_skip_test_passed=False, packages_select=None, packages_skip=None, packages_select_regex=None, packages_skip_regex=None, packages_start=None, packages_end=None, allow_overriding=[], cmake_args=None, cmake_target=None, cmake_target_skip_unavailable=False, cmake_clean_cache=False, cmake_clean_first=False, cmake_force_configure=False, ament_cmake_args=None, catkin_cmake_args=None, catkin_skip_building_tests=False, verb_parser=<colcon_defaults.argument_parser.defaults.DefaultArgumentsDecorator object at 0x78eccbf492d0>, verb_extension=<colcon_core.verb.build.BuildVerb object at 0x78eccc04df30>, main=<bound method BuildVerb.main of <colcon_core.verb.build.BuildVerb object at 0x78eccc04df30>>)
[0.463s] Level 1:colcon.colcon_core.package_discovery:discover_packages(colcon_meta) check parameters
[0.463s] Level 1:colcon.colcon_core.package_discovery:discover_packages(recursive) check parameters
[0.463s] Level 1:colcon.colcon_core.package_discovery:discover_packages(ignore) check parameters
[0.463s] Level 1:colcon.colcon_core.package_discovery:discover_packages(path) check parameters
[0.463s] Level 1:colcon.colcon_core.package_discovery:discover_packages(colcon_meta) discover
[0.463s] Level 1:colcon.colcon_core.package_discovery:discover_packages(recursive) discover
[0.463s] INFO:colcon.colcon_core.package_discovery:Crawling recursively for packages in '/home/ichrak/Bureau/ros2_test-master'
[0.463s] Level 1:colcon.colcon_core.package_identification:_identify(.) by extensions ['ignore', 'ignore_ament_install']
[0.463s] Level 1:colcon.colcon_core.package_identification:_identify(.) by extension 'ignore'
[0.463s] Level 1:colcon.colcon_core.package_identification:_identify(.) by extension 'ignore_ament_install'
[0.463s] Level 1:colcon.colcon_core.package_identification:_identify(.) by extensions ['colcon_pkg']
[0.463s] Level 1:colcon.colcon_core.package_identification:_identify(.) by extension 'colcon_pkg'
[0.463s] Level 1:colcon.colcon_core.package_identification:_identify(.) by extensions ['colcon_meta']
[0.463s] Level 1:colcon.colcon_core.package_identification:_identify(.) by extension 'colcon_meta'
[0.463s] Level 1:colcon.colcon_core.package_identification:_identify(.) by extensions ['ros']
[0.463s] Level 1:colcon.colcon_core.package_identification:_identify(.) by extension 'ros'
[0.475s] Level 1:colcon.colcon_core.package_identification:_identify(.) by extensions ['cmake', 'python']
[0.475s] Level 1:colcon.colcon_core.package_identification:_identify(.) by extension 'cmake'
[0.475s] Level 1:colcon.colcon_core.package_identification:_identify(.) by extension 'python'
[0.475s] Level 1:colcon.colcon_core.package_identification:_identify(.) by extensions ['python_setup_py']
[0.475s] Level 1:colcon.colcon_core.package_identification:_identify(.) by extension 'python_setup_py'
[0.475s] Level 1:colcon.colcon_core.package_identification:_identify(build) by extensions ['ignore', 'ignore_ament_install']
[0.475s] Level 1:colcon.colcon_core.package_identification:_identify(build) by extension 'ignore'
[0.475s] Level 1:colcon.colcon_core.package_identification:_identify(build) ignored
[0.476s] Level 1:colcon.colcon_core.package_identification:_identify(install) by extensions ['ignore', 'ignore_ament_install']
[0.476s] Level 1:colcon.colcon_core.package_identification:_identify(install) by extension 'ignore'
[0.476s] Level 1:colcon.colcon_core.package_identification:_identify(install) ignored
[0.476s] Level 1:colcon.colcon_core.package_identification:_identify(log) by extensions ['ignore', 'ignore_ament_install']
[0.476s] Level 1:colcon.colcon_core.package_identification:_identify(log) by extension 'ignore'
[0.476s] Level 1:colcon.colcon_core.package_identification:_identify(log) ignored
[0.476s] Level 1:colcon.colcon_core.package_identification:_identify(src) by extensions ['ignore', 'ignore_ament_install']
[0.476s] Level 1:colcon.colcon_core.package_identification:_identify(src) by extension 'ignore'
[0.476s] Level 1:colcon.colcon_core.package_identification:_identify(src) by extension 'ignore_ament_install'
[0.476s] Level 1:colcon.colcon_core.package_identification:_identify(src) by extensions ['colcon_pkg']
[0.476s] Level 1:colcon.colcon_core.package_identification:_identify(src) by extension 'colcon_pkg'
[0.476s] Level 1:colcon.colcon_core.package_identification:_identify(src) by extensions ['colcon_meta']
[0.476s] Level 1:colcon.colcon_core.package_identification:_identify(src) by extension 'colcon_meta'
[0.476s] Level 1:colcon.colcon_core.package_identification:_identify(src) by extensions ['ros']
[0.476s] Level 1:colcon.colcon_core.package_identification:_identify(src) by extension 'ros'
[0.476s] Level 1:colcon.colcon_core.package_identification:_identify(src) by extensions ['cmake', 'python']
[0.476s] Level 1:colcon.colcon_core.package_identification:_identify(src) by extension 'cmake'
[0.476s] Level 1:colcon.colcon_core.package_identification:_identify(src) by extension 'python'
[0.476s] Level 1:colcon.colcon_core.package_identification:_identify(src) by extensions ['python_setup_py']
[0.476s] Level 1:colcon.colcon_core.package_identification:_identify(src) by extension 'python_setup_py'
[0.477s] Level 1:colcon.colcon_core.package_identification:_identify(src/my_robot_bringup) by extensions ['ignore', 'ignore_ament_install']
[0.477s] Level 1:colcon.colcon_core.package_identification:_identify(src/my_robot_bringup) by extension 'ignore'
[0.477s] Level 1:colcon.colcon_core.package_identification:_identify(src/my_robot_bringup) by extension 'ignore_ament_install'
[0.477s] Level 1:colcon.colcon_core.package_identification:_identify(src/my_robot_bringup) by extensions ['colcon_pkg']
[0.477s] Level 1:colcon.colcon_core.package_identification:_identify(src/my_robot_bringup) by extension 'colcon_pkg'
[0.477s] Level 1:colcon.colcon_core.package_identification:_identify(src/my_robot_bringup) by extensions ['colcon_meta']
[0.477s] Level 1:colcon.colcon_core.package_identification:_identify(src/my_robot_bringup) by extension 'colcon_meta'
[0.477s] Level 1:colcon.colcon_core.package_identification:_identify(src/my_robot_bringup) by extensions ['ros']
[0.477s] Level 1:colcon.colcon_core.package_identification:_identify(src/my_robot_bringup) by extension 'ros'
[0.480s] DEBUG:colcon.colcon_core.package_identification:Package 'src/my_robot_bringup' with type 'ros.ament_cmake' and name 'my_robot_bringup'
[0.480s] Level 1:colcon.colcon_core.package_identification:_identify(src/my_robot_description) by extensions ['ignore', 'ignore_ament_install']
[0.480s] Level 1:colcon.colcon_core.package_identification:_identify(src/my_robot_description) by extension 'ignore'
[0.480s] Level 1:colcon.colcon_core.package_identification:_identify(src/my_robot_description) by extension 'ignore_ament_install'
[0.480s] Level 1:colcon.colcon_core.package_identification:_identify(src/my_robot_description) by extensions ['colcon_pkg']
[0.480s] Level 1:colcon.colcon_core.package_identification:_identify(src/my_robot_description) by extension 'colcon_pkg'
[0.480s] Level 1:colcon.colcon_core.package_identification:_identify(src/my_robot_description) by extensions ['colcon_meta']
[0.480s] Level 1:colcon.colcon_core.package_identification:_identify(src/my_robot_description) by extension 'colcon_meta'
[0.480s] Level 1:colcon.colcon_core.package_identification:_identify(src/my_robot_description) by extensions ['ros']
[0.480s] Level 1:colcon.colcon_core.package_identification:_identify(src/my_robot_description) by extension 'ros'
[0.481s] DEBUG:colcon.colcon_core.package_identification:Package 'src/my_robot_description' with type 'ros.ament_cmake' and name 'my_robot_description'
[0.481s] Level 1:colcon.colcon_core.package_discovery:discover_packages(recursive) using defaults
[0.481s] Level 1:colcon.colcon_core.package_discovery:discover_packages(ignore) discover
[0.481s] Level 1:colcon.colcon_core.package_discovery:discover_packages(ignore) using defaults
[0.481s] Level 1:colcon.colcon_core.package_discovery:discover_packages(path) discover
[0.481s] Level 1:colcon.colcon_core.package_discovery:discover_packages(path) using defaults
[0.506s] Level 1:colcon.colcon_core.package_discovery:discover_packages(prefix_path) check parameters
[0.506s] Level 1:colcon.colcon_core.package_discovery:discover_packages(prefix_path) discover
[0.509s] DEBUG:colcon.colcon_installed_package_information.package_discovery:Found 0 installed packages in /home/ichrak/turtlebot3_ws/install
[0.510s] DEBUG:colcon.colcon_installed_package_information.package_discovery:Found 5 installed packages in /home/ichrak/ros2_ws/install
[0.510s] DEBUG:colcon.colcon_installed_package_information.package_discovery:Found 2 installed packages in /home/ichrak/ros2_ws/src/install
[0.512s] DEBUG:colcon.colcon_installed_package_information.package_discovery:Found 386 installed packages in /opt/ros/humble
[0.525s] Level 1:colcon.colcon_core.package_discovery:discover_packages(prefix_path) using defaults
[0.570s] Level 5:colcon.colcon_core.verb:set package 'my_robot_description' build argument 'cmake_args' from command line to 'None'
[0.570s] Level 5:colcon.colcon_core.verb:set package 'my_robot_description' build argument 'cmake_target' from command line to 'None'
[0.570s] Level 5:colcon.colcon_core.verb:set package 'my_robot_description' build argument 'cmake_target_skip_unavailable' from command line to 'False'
[0.570s] Level 5:colcon.colcon_core.verb:set package 'my_robot_description' build argument 'cmake_clean_cache' from command line to 'False'
[0.570s] Level 5:colcon.colcon_core.verb:set package 'my_robot_description' build argument 'cmake_clean_first' from command line to 'False'
[0.570s] Level 5:colcon.colcon_core.verb:set package 'my_robot_description' build argument 'cmake_force_configure' from command line to 'False'
[0.570s] Level 5:colcon.colcon_core.verb:set package 'my_robot_description' build argument 'ament_cmake_args' from command line to 'None'
[0.570s] Level 5:colcon.colcon_core.verb:set package 'my_robot_description' build argument 'catkin_cmake_args' from command line to 'None'
[0.570s] Level 5:colcon.colcon_core.verb:set package 'my_robot_description' build argument 'catkin_skip_building_tests' from command line to 'False'
[0.570s] DEBUG:colcon.colcon_core.verb:Building package 'my_robot_description' with the following arguments: {'ament_cmake_args': None, 'build_base': '/home/ichrak/Bureau/ros2_test-master/build/my_robot_description', 'catkin_cmake_args': None, 'catkin_skip_building_tests': False, 'cmake_args': None, 'cmake_clean_cache': False, 'cmake_clean_first': False, 'cmake_force_configure': False, 'cmake_target': None, 'cmake_target_skip_unavailable': False, 'install_base': '/home/ichrak/Bureau/ros2_test-master/install/my_robot_description', 'merge_install': False, 'path': '/home/ichrak/Bureau/ros2_test-master/src/my_robot_description', 'symlink_install': True, 'test_result_base': None}
[0.570s] Level 5:colcon.colcon_core.verb:set package 'my_robot_bringup' build argument 'cmake_args' from command line to 'None'
[0.570s] Level 5:colcon.colcon_core.verb:set package 'my_robot_bringup' build argument 'cmake_target' from command line to 'None'
[0.570s] Level 5:colcon.colcon_core.verb:set package 'my_robot_bringup' build argument 'cmake_target_skip_unavailable' from command line to 'False'
[0.570s] Level 5:colcon.colcon_core.verb:set package 'my_robot_bringup' build argument 'cmake_clean_cache' from command line to 'False'
[0.570s] Level 5:colcon.colcon_core.verb:set package 'my_robot_bringup' build argument 'cmake_clean_first' from command line to 'False'
[0.570s] Level 5:colcon.colcon_core.verb:set package 'my_robot_bringup' build argument 'cmake_force_configure' from command line to 'False'
[0.570s] Level 5:colcon.colcon_core.verb:set package 'my_robot_bringup' build argument 'ament_cmake_args' from command line to 'None'
[0.570s] Level 5:colcon.colcon_core.verb:set package 'my_robot_bringup' build argument 'catkin_cmake_args' from command line to 'None'
[0.570s] Level 5:colcon.colcon_core.verb:set package 'my_robot_bringup' build argument 'catkin_skip_building_tests' from command line to 'False'
[0.571s] DEBUG:colcon.colcon_core.verb:Building package 'my_robot_bringup' with the following arguments: {'ament_cmake_args': None, 'build_base': '/home/ichrak/Bureau/ros2_test-master/build/my_robot_bringup', 'catkin_cmake_args': None, 'catkin_skip_building_tests': False, 'cmake_args': None, 'cmake_clean_cache': False, 'cmake_clean_first': False, 'cmake_force_configure': False, 'cmake_target': None, 'cmake_target_skip_unavailable': False, 'install_base': '/home/ichrak/Bureau/ros2_test-master/install/my_robot_bringup', 'merge_install': False, 'path': '/home/ichrak/Bureau/ros2_test-master/src/my_robot_bringup', 'symlink_install': True, 'test_result_base': None}
[0.571s] INFO:colcon.colcon_core.executor:Executing jobs using 'parallel' executor
[0.572s] DEBUG:colcon.colcon_parallel_executor.executor.parallel:run_until_complete
[0.572s] INFO:colcon.colcon_ros.task.ament_cmake.build:Building ROS package in '/home/ichrak/Bureau/ros2_test-master/src/my_robot_description' with build type 'ament_cmake'
[0.572s] INFO:colcon.colcon_cmake.task.cmake.build:Building CMake package in '/home/ichrak/Bureau/ros2_test-master/src/my_robot_description'
[0.577s] INFO:colcon.colcon_core.plugin_system:Skipping extension 'colcon_core.shell.bat': Not used on non-Windows systems
[0.577s] INFO:colcon.colcon_core.shell:Skip shell extension 'powershell' for command environment: Not usable outside of PowerShell
[0.577s] DEBUG:colcon.colcon_core.shell:Skip shell extension 'dsv' for command environment
[0.587s] DEBUG:colcon.colcon_core.event_handler.log_command:Invoking command in '/home/ichrak/Bureau/ros2_test-master/build/my_robot_description': CMAKE_PREFIX_PATH=${CMAKE_PREFIX_PATH}:/home/ichrak/ros2_ws/install/ros2_mapping:/home/ichrak/ros2_ws/install/pkg1:/home/ichrak/ros2_ws/src/install/pkg1:/opt/ros/humble /usr/bin/cmake --build /home/ichrak/Bureau/ros2_test-master/build/my_robot_description -- -j12 -l12
[0.652s] DEBUG:colcon.colcon_core.event_handler.log_command:Invoked command in '/home/ichrak/Bureau/ros2_test-master/build/my_robot_description' returned '0': CMAKE_PREFIX_PATH=${CMAKE_PREFIX_PATH}:/home/ichrak/ros2_ws/install/ros2_mapping:/home/ichrak/ros2_ws/install/pkg1:/home/ichrak/ros2_ws/src/install/pkg1:/opt/ros/humble /usr/bin/cmake --build /home/ichrak/Bureau/ros2_test-master/build/my_robot_description -- -j12 -l12
[0.686s] DEBUG:colcon.colcon_core.event_handler.log_command:Invoking command in '/home/ichrak/Bureau/ros2_test-master/build/my_robot_description': CMAKE_PREFIX_PATH=${CMAKE_PREFIX_PATH}:/home/ichrak/ros2_ws/install/ros2_mapping:/home/ichrak/ros2_ws/install/pkg1:/home/ichrak/ros2_ws/src/install/pkg1:/opt/ros/humble /usr/bin/cmake --install /home/ichrak/Bureau/ros2_test-master/build/my_robot_description
[0.709s] Level 1:colcon.colcon_core.environment:create_environment_scripts_only(my_robot_description)
[0.710s] DEBUG:colcon.colcon_core.event_handler.log_command:Invoked command in '/home/ichrak/Bureau/ros2_test-master/build/my_robot_description' returned '0': CMAKE_PREFIX_PATH=${CMAKE_PREFIX_PATH}:/home/ichrak/ros2_ws/install/ros2_mapping:/home/ichrak/ros2_ws/install/pkg1:/home/ichrak/ros2_ws/src/install/pkg1:/opt/ros/humble /usr/bin/cmake --install /home/ichrak/Bureau/ros2_test-master/build/my_robot_description
[0.715s] Level 1:colcon.colcon_core.environment:checking '/home/ichrak/Bureau/ros2_test-master/install/my_robot_description' for CMake module files
[0.715s] Level 1:colcon.colcon_core.environment:checking '/home/ichrak/Bureau/ros2_test-master/install/my_robot_description' for CMake config files
[0.716s] Level 1:colcon.colcon_core.shell:create_environment_hook('my_robot_description', 'cmake_prefix_path')
[0.716s] INFO:colcon.colcon_core.shell:Creating environment hook '/home/ichrak/Bureau/ros2_test-master/install/my_robot_description/share/my_robot_description/hook/cmake_prefix_path.ps1'
[0.717s] INFO:colcon.colcon_core.shell:Creating environment descriptor '/home/ichrak/Bureau/ros2_test-master/install/my_robot_description/share/my_robot_description/hook/cmake_prefix_path.dsv'
[0.717s] INFO:colcon.colcon_core.shell:Creating environment hook '/home/ichrak/Bureau/ros2_test-master/install/my_robot_description/share/my_robot_description/hook/cmake_prefix_path.sh'
[0.718s] Level 1:colcon.colcon_core.environment:checking '/home/ichrak/Bureau/ros2_test-master/install/my_robot_description/bin'
[0.718s] Level 1:colcon.colcon_core.environment:checking '/home/ichrak/Bureau/ros2_test-master/install/my_robot_description/lib/pkgconfig/my_robot_description.pc'
[0.718s] Level 1:colcon.colcon_core.environment:checking '/home/ichrak/Bureau/ros2_test-master/install/my_robot_description/lib/python3.10/site-packages'
[0.719s] Level 1:colcon.colcon_core.environment:checking '/home/ichrak/Bureau/ros2_test-master/install/my_robot_description/bin'
[0.719s] INFO:colcon.colcon_core.shell:Creating package script '/home/ichrak/Bureau/ros2_test-master/install/my_robot_description/share/my_robot_description/package.ps1'
[0.720s] INFO:colcon.colcon_core.shell:Creating package descriptor '/home/ichrak/Bureau/ros2_test-master/install/my_robot_description/share/my_robot_description/package.dsv'
[0.720s] INFO:colcon.colcon_core.shell:Creating package script '/home/ichrak/Bureau/ros2_test-master/install/my_robot_description/share/my_robot_description/package.sh'
[0.721s] INFO:colcon.colcon_core.shell:Creating package script '/home/ichrak/Bureau/ros2_test-master/install/my_robot_description/share/my_robot_description/package.bash'
[0.722s] INFO:colcon.colcon_core.shell:Creating package script '/home/ichrak/Bureau/ros2_test-master/install/my_robot_description/share/my_robot_description/package.zsh'
[0.723s] Level 1:colcon.colcon_core.environment:create_file_with_runtime_dependencies(/home/ichrak/Bureau/ros2_test-master/install/my_robot_description/share/colcon-core/packages/my_robot_description)
[0.747s] Level 1:colcon.colcon_core.environment:create_environment_scripts_only(my_robot_description)
[0.747s] Level 1:colcon.colcon_core.environment:checking '/home/ichrak/Bureau/ros2_test-master/install/my_robot_description' for CMake module files
[0.747s] Level 1:colcon.colcon_core.environment:checking '/home/ichrak/Bureau/ros2_test-master/install/my_robot_description' for CMake config files
[0.748s] Level 1:colcon.colcon_core.shell:create_environment_hook('my_robot_description', 'cmake_prefix_path')
[0.748s] INFO:colcon.colcon_core.shell:Creating environment hook '/home/ichrak/Bureau/ros2_test-master/install/my_robot_description/share/my_robot_description/hook/cmake_prefix_path.ps1'
[0.748s] INFO:colcon.colcon_core.shell:Creating environment descriptor '/home/ichrak/Bureau/ros2_test-master/install/my_robot_description/share/my_robot_description/hook/cmake_prefix_path.dsv'
[0.749s] INFO:colcon.colcon_core.shell:Creating environment hook '/home/ichrak/Bureau/ros2_test-master/install/my_robot_description/share/my_robot_description/hook/cmake_prefix_path.sh'
[0.749s] Level 1:colcon.colcon_core.environment:checking '/home/ichrak/Bureau/ros2_test-master/install/my_robot_description/bin'
[0.749s] Level 1:colcon.colcon_core.environment:checking '/home/ichrak/Bureau/ros2_test-master/install/my_robot_description/lib/pkgconfig/my_robot_description.pc'
[0.749s] Level 1:colcon.colcon_core.environment:checking '/home/ichrak/Bureau/ros2_test-master/install/my_robot_description/lib/python3.10/site-packages'
[0.749s] Level 1:colcon.colcon_core.environment:checking '/home/ichrak/Bureau/ros2_test-master/install/my_robot_description/bin'
[0.750s] INFO:colcon.colcon_core.shell:Creating package script '/home/ichrak/Bureau/ros2_test-master/install/my_robot_description/share/my_robot_description/package.ps1'
[0.750s] INFO:colcon.colcon_core.shell:Creating package descriptor '/home/ichrak/Bureau/ros2_test-master/install/my_robot_description/share/my_robot_description/package.dsv'
[0.750s] INFO:colcon.colcon_core.shell:Creating package script '/home/ichrak/Bureau/ros2_test-master/install/my_robot_description/share/my_robot_description/package.sh'
[0.751s] INFO:colcon.colcon_core.shell:Creating package script '/home/ichrak/Bureau/ros2_test-master/install/my_robot_description/share/my_robot_description/package.bash'
[0.751s] INFO:colcon.colcon_core.shell:Creating package script '/home/ichrak/Bureau/ros2_test-master/install/my_robot_description/share/my_robot_description/package.zsh'
[0.751s] Level 1:colcon.colcon_core.environment:create_file_with_runtime_dependencies(/home/ichrak/Bureau/ros2_test-master/install/my_robot_description/share/colcon-core/packages/my_robot_description)
[0.752s] INFO:colcon.colcon_ros.task.ament_cmake.build:Building ROS package in '/home/ichrak/Bureau/ros2_test-master/src/my_robot_bringup' with build type 'ament_cmake'
[0.752s] INFO:colcon.colcon_cmake.task.cmake.build:Building CMake package in '/home/ichrak/Bureau/ros2_test-master/src/my_robot_bringup'
[0.752s] INFO:colcon.colcon_core.shell:Skip shell extension 'powershell' for command environment: Not usable outside of PowerShell
[0.752s] DEBUG:colcon.colcon_core.shell:Skip shell extension 'dsv' for command environment
[0.762s] DEBUG:colcon.colcon_core.event_handler.log_command:Invoking command in '/home/ichrak/Bureau/ros2_test-master/build/my_robot_bringup': AMENT_PREFIX_PATH=/home/ichrak/Bureau/ros2_test-master/install/my_robot_description:${AMENT_PREFIX_PATH} CMAKE_PREFIX_PATH=/home/ichrak/Bureau/ros2_test-master/install/my_robot_description:/home/ichrak/ros2_ws/src/install/ros2_mapping:/home/ichrak/ros2_ws/install/ros2_mapping:/home/ichrak/ros2_ws/install/pkg1:/home/ichrak/ros2_ws/src/install/pkg1:/opt/ros/humble /usr/bin/cmake --build /home/ichrak/Bureau/ros2_test-master/build/my_robot_bringup -- -j12 -l12
[0.806s] DEBUG:colcon.colcon_core.event_handler.log_command:Invoked command in '/home/ichrak/Bureau/ros2_test-master/build/my_robot_bringup' returned '0': AMENT_PREFIX_PATH=/home/ichrak/Bureau/ros2_test-master/install/my_robot_description:${AMENT_PREFIX_PATH} CMAKE_PREFIX_PATH=/home/ichrak/Bureau/ros2_test-master/install/my_robot_description:/home/ichrak/ros2_ws/src/install/ros2_mapping:/home/ichrak/ros2_ws/install/ros2_mapping:/home/ichrak/ros2_ws/install/pkg1:/home/ichrak/ros2_ws/src/install/pkg1:/opt/ros/humble /usr/bin/cmake --build /home/ichrak/Bureau/ros2_test-master/build/my_robot_bringup -- -j12 -l12
[0.829s] DEBUG:colcon.colcon_core.event_handler.log_command:Invoking command in '/home/ichrak/Bureau/ros2_test-master/build/my_robot_bringup': AMENT_PREFIX_PATH=/home/ichrak/Bureau/ros2_test-master/install/my_robot_description:${AMENT_PREFIX_PATH} CMAKE_PREFIX_PATH=/home/ichrak/Bureau/ros2_test-master/install/my_robot_description:/home/ichrak/ros2_ws/src/install/ros2_mapping:/home/ichrak/ros2_ws/install/ros2_mapping:/home/ichrak/ros2_ws/install/pkg1:/home/ichrak/ros2_ws/src/install/pkg1:/opt/ros/humble /usr/bin/cmake --install /home/ichrak/Bureau/ros2_test-master/build/my_robot_bringup
[0.854s] Level 1:colcon.colcon_core.environment:create_environment_scripts_only(my_robot_bringup)
[0.854s] Level 1:colcon.colcon_core.environment:checking '/home/ichrak/Bureau/ros2_test-master/install/my_robot_bringup' for CMake module files
[0.855s] DEBUG:colcon.colcon_core.event_handler.log_command:Invoked command in '/home/ichrak/Bureau/ros2_test-master/build/my_robot_bringup' returned '0': AMENT_PREFIX_PATH=/home/ichrak/Bureau/ros2_test-master/install/my_robot_description:${AMENT_PREFIX_PATH} CMAKE_PREFIX_PATH=/home/ichrak/Bureau/ros2_test-master/install/my_robot_description:/home/ichrak/ros2_ws/src/install/ros2_mapping:/home/ichrak/ros2_ws/install/ros2_mapping:/home/ichrak/ros2_ws/install/pkg1:/home/ichrak/ros2_ws/src/install/pkg1:/opt/ros/humble /usr/bin/cmake --install /home/ichrak/Bureau/ros2_test-master/build/my_robot_bringup
[0.855s] Level 1:colcon.colcon_core.environment:checking '/home/ichrak/Bureau/ros2_test-master/install/my_robot_bringup' for CMake config files
[0.855s] Level 1:colcon.colcon_core.shell:create_environment_hook('my_robot_bringup', 'cmake_prefix_path')
[0.855s] INFO:colcon.colcon_core.shell:Creating environment hook '/home/ichrak/Bureau/ros2_test-master/install/my_robot_bringup/share/my_robot_bringup/hook/cmake_prefix_path.ps1'
[0.856s] INFO:colcon.colcon_core.shell:Creating environment descriptor '/home/ichrak/Bureau/ros2_test-master/install/my_robot_bringup/share/my_robot_bringup/hook/cmake_prefix_path.dsv'
[0.856s] INFO:colcon.colcon_core.shell:Creating environment hook '/home/ichrak/Bureau/ros2_test-master/install/my_robot_bringup/share/my_robot_bringup/hook/cmake_prefix_path.sh'
[0.856s] Level 1:colcon.colcon_core.environment:checking '/home/ichrak/Bureau/ros2_test-master/install/my_robot_bringup/bin'
[0.856s] Level 1:colcon.colcon_core.environment:checking '/home/ichrak/Bureau/ros2_test-master/install/my_robot_bringup/lib/pkgconfig/my_robot_bringup.pc'
[0.857s] Level 1:colcon.colcon_core.environment:checking '/home/ichrak/Bureau/ros2_test-master/install/my_robot_bringup/lib/python3.10/site-packages'
[0.857s] Level 1:colcon.colcon_core.environment:checking '/home/ichrak/Bureau/ros2_test-master/install/my_robot_bringup/bin'
[0.857s] INFO:colcon.colcon_core.shell:Creating package script '/home/ichrak/Bureau/ros2_test-master/install/my_robot_bringup/share/my_robot_bringup/package.ps1'
[0.857s] INFO:colcon.colcon_core.shell:Creating package descriptor '/home/ichrak/Bureau/ros2_test-master/install/my_robot_bringup/share/my_robot_bringup/package.dsv'
[0.858s] INFO:colcon.colcon_core.shell:Creating package script '/home/ichrak/Bureau/ros2_test-master/install/my_robot_bringup/share/my_robot_bringup/package.sh'
[0.858s] INFO:colcon.colcon_core.shell:Creating package script '/home/ichrak/Bureau/ros2_test-master/install/my_robot_bringup/share/my_robot_bringup/package.bash'
[0.858s] INFO:colcon.colcon_core.shell:Creating package script '/home/ichrak/Bureau/ros2_test-master/install/my_robot_bringup/share/my_robot_bringup/package.zsh'
[0.858s] Level 1:colcon.colcon_core.environment:create_file_with_runtime_dependencies(/home/ichrak/Bureau/ros2_test-master/install/my_robot_bringup/share/colcon-core/packages/my_robot_bringup)
[0.883s] Level 1:colcon.colcon_core.environment:create_environment_scripts_only(my_robot_bringup)
[0.883s] Level 1:colcon.colcon_core.environment:checking '/home/ichrak/Bureau/ros2_test-master/install/my_robot_bringup' for CMake module files
[0.884s] Level 1:colcon.colcon_core.environment:checking '/home/ichrak/Bureau/ros2_test-master/install/my_robot_bringup' for CMake config files
[0.884s] Level 1:colcon.colcon_core.shell:create_environment_hook('my_robot_bringup', 'cmake_prefix_path')
[0.885s] INFO:colcon.colcon_core.shell:Creating environment hook '/home/ichrak/Bureau/ros2_test-master/install/my_robot_bringup/share/my_robot_bringup/hook/cmake_prefix_path.ps1'
[0.885s] INFO:colcon.colcon_core.shell:Creating environment descriptor '/home/ichrak/Bureau/ros2_test-master/install/my_robot_bringup/share/my_robot_bringup/hook/cmake_prefix_path.dsv'
[0.885s] INFO:colcon.colcon_core.shell:Creating environment hook '/home/ichrak/Bureau/ros2_test-master/install/my_robot_bringup/share/my_robot_bringup/hook/cmake_prefix_path.sh'
[0.886s] Level 1:colcon.colcon_core.environment:checking '/home/ichrak/Bureau/ros2_test-master/install/my_robot_bringup/bin'
[0.886s] Level 1:colcon.colcon_core.environment:checking '/home/ichrak/Bureau/ros2_test-master/install/my_robot_bringup/lib/pkgconfig/my_robot_bringup.pc'
[0.886s] Level 1:colcon.colcon_core.environment:checking '/home/ichrak/Bureau/ros2_test-master/install/my_robot_bringup/lib/python3.10/site-packages'
[0.886s] Level 1:colcon.colcon_core.environment:checking '/home/ichrak/Bureau/ros2_test-master/install/my_robot_bringup/bin'
[0.886s] INFO:colcon.colcon_core.shell:Creating package script '/home/ichrak/Bureau/ros2_test-master/install/my_robot_bringup/share/my_robot_bringup/package.ps1'
[0.887s] INFO:colcon.colcon_core.shell:Creating package descriptor '/home/ichrak/Bureau/ros2_test-master/install/my_robot_bringup/share/my_robot_bringup/package.dsv'
[0.887s] INFO:colcon.colcon_core.shell:Creating package script '/home/ichrak/Bureau/ros2_test-master/install/my_robot_bringup/share/my_robot_bringup/package.sh'
[0.887s] INFO:colcon.colcon_core.shell:Creating package script '/home/ichrak/Bureau/ros2_test-master/install/my_robot_bringup/share/my_robot_bringup/package.bash'
[0.887s] INFO:colcon.colcon_core.shell:Creating package script '/home/ichrak/Bureau/ros2_test-master/install/my_robot_bringup/share/my_robot_bringup/package.zsh'
[0.888s] Level 1:colcon.colcon_core.environment:create_file_with_runtime_dependencies(/home/ichrak/Bureau/ros2_test-master/install/my_robot_bringup/share/colcon-core/packages/my_robot_bringup)
[0.888s] DEBUG:colcon.colcon_parallel_executor.executor.parallel:closing loop
[0.888s] DEBUG:colcon.colcon_parallel_executor.executor.parallel:loop closed
[0.888s] DEBUG:colcon.colcon_parallel_executor.executor.parallel:run_until_complete finished with '0'
[0.888s] DEBUG:colcon.colcon_core.event_reactor:joining thread
[0.894s] INFO:colcon.colcon_core.plugin_system:Skipping extension 'colcon_notification.desktop_notification.terminal_notifier': Not used on non-Darwin systems
[0.894s] INFO:colcon.colcon_core.plugin_system:Skipping extension 'colcon_notification.desktop_notification.win32': Not used on non-Windows systems
[0.894s] INFO:colcon.colcon_notification.desktop_notification:Sending desktop notification using 'notify2'
[0.908s] DEBUG:colcon.colcon_core.event_reactor:joined thread
[0.909s] INFO:colcon.colcon_core.shell:Creating prefix script '/home/ichrak/Bureau/ros2_test-master/install/local_setup.ps1'
[0.910s] INFO:colcon.colcon_core.shell:Creating prefix util module '/home/ichrak/Bureau/ros2_test-master/install/_local_setup_util_ps1.py'
[0.911s] INFO:colcon.colcon_core.shell:Creating prefix chain script '/home/ichrak/Bureau/ros2_test-master/install/setup.ps1'
[0.912s] INFO:colcon.colcon_core.shell:Creating prefix script '/home/ichrak/Bureau/ros2_test-master/install/local_setup.sh'
[0.913s] INFO:colcon.colcon_core.shell:Creating prefix util module '/home/ichrak/Bureau/ros2_test-master/install/_local_setup_util_sh.py'
[0.913s] INFO:colcon.colcon_core.shell:Creating prefix chain script '/home/ichrak/Bureau/ros2_test-master/install/setup.sh'
[0.914s] INFO:colcon.colcon_core.shell:Creating prefix script '/home/ichrak/Bureau/ros2_test-master/install/local_setup.bash'
[0.915s] INFO:colcon.colcon_core.shell:Creating prefix chain script '/home/ichrak/Bureau/ros2_test-master/install/setup.bash'
[0.916s] INFO:colcon.colcon_core.shell:Creating prefix script '/home/ichrak/Bureau/ros2_test-master/install/local_setup.zsh'
[0.917s] INFO:colcon.colcon_core.shell:Creating prefix chain script '/home/ichrak/Bureau/ros2_test-master/install/setup.zsh'
