[0.012s] Invoking command in '/home/ichrak/Bureau/ros2_test-master/build/my_robot_description': CMAKE_PREFIX_PATH=${CMAKE_PREFIX_PATH}:/home/ichrak/ros2_ws/install/pkg1:/opt/ros/humble /usr/bin/cmake /home/ichrak/Bureau/ros2_test-master/src/my_robot_description -DAMENT_CMAKE_SYMLINK_INSTALL=1 -DCMAKE_INSTALL_PREFIX=/home/ichrak/Bureau/ros2_test-master/install/my_robot_description
[0.072s] -- The C compiler identification is GNU 11.4.0
[0.134s] -- The CXX compiler identification is GNU 11.4.0
[0.141s] -- Detecting C compiler ABI info
[0.215s] -- Detecting C compiler ABI info - done
[0.222s] -- Check for working C compiler: /usr/bin/cc - skipped
[0.222s] -- Detecting C compile features
[0.223s] -- Detecting C compile features - done
[0.226s] -- Detecting CXX compiler ABI info
[0.313s] -- Detecting CXX compiler ABI info - done
[0.320s] -- Check for working CXX compiler: /usr/bin/c++ - skipped
[0.320s] -- Detecting CXX compile features
[0.320s] -- Detecting CXX compile features - done
[0.324s] -- Found ament_cmake: 1.3.10 (/opt/ros/humble/share/ament_cmake/cmake)
[0.477s] -- Found Python3: /usr/bin/python3 (found version "3.10.12") found components: Interpreter 
[0.549s] -- Override CMake install command with custom implementation using symlinks instead of copying resources
[0.665s] -- Configuring done
[0.669s] -- Generating done
[0.670s] -- Build files have been written to: /home/ichrak/Bureau/ros2_test-master/build/my_robot_description
[0.675s] Invoked command in '/home/ichrak/Bureau/ros2_test-master/build/my_robot_description' returned '0': CMAKE_PREFIX_PATH=${CMAKE_PREFIX_PATH}:/home/ichrak/ros2_ws/install/pkg1:/opt/ros/humble /usr/bin/cmake /home/ichrak/Bureau/ros2_test-master/src/my_robot_description -DAMENT_CMAKE_SYMLINK_INSTALL=1 -DCMAKE_INSTALL_PREFIX=/home/ichrak/Bureau/ros2_test-master/install/my_robot_description
[0.677s] Invoking command in '/home/ichrak/Bureau/ros2_test-master/build/my_robot_description': CMAKE_PREFIX_PATH=${CMAKE_PREFIX_PATH}:/home/ichrak/ros2_ws/install/pkg1:/opt/ros/humble /usr/bin/cmake --build /home/ichrak/Bureau/ros2_test-master/build/my_robot_description -- -j12 -l12
[0.720s] Invoked command in '/home/ichrak/Bureau/ros2_test-master/build/my_robot_description' returned '0': CMAKE_PREFIX_PATH=${CMAKE_PREFIX_PATH}:/home/ichrak/ros2_ws/install/pkg1:/opt/ros/humble /usr/bin/cmake --build /home/ichrak/Bureau/ros2_test-master/build/my_robot_description -- -j12 -l12
[0.754s] Invoking command in '/home/ichrak/Bureau/ros2_test-master/build/my_robot_description': CMAKE_PREFIX_PATH=${CMAKE_PREFIX_PATH}:/home/ichrak/ros2_ws/install/pkg1:/opt/ros/humble /usr/bin/cmake --install /home/ichrak/Bureau/ros2_test-master/build/my_robot_description
[0.761s] -- Install configuration: ""
[0.761s] -- Execute custom install script
[0.762s] -- Symlinking: /home/ichrak/Bureau/ros2_test-master/install/my_robot_description/share/my_robot_description//urdf/camera.xacro
[0.772s] -- Symlinking: /home/ichrak/Bureau/ros2_test-master/install/my_robot_description/share/my_robot_description//urdf/common_properties.xacro
[0.784s] -- Symlinking: /home/ichrak/Bureau/ros2_test-master/install/my_robot_description/share/my_robot_description//urdf/lidar.xacro
[0.795s] -- Symlinking: /home/ichrak/Bureau/ros2_test-master/install/my_robot_description/share/my_robot_description//urdf/mobile_base.xacro
[0.804s] -- Symlinking: /home/ichrak/Bureau/ros2_test-master/install/my_robot_description/share/my_robot_description//urdf/mobile_base_gazebo.xacro
[0.815s] -- Symlinking: /home/ichrak/Bureau/ros2_test-master/install/my_robot_description/share/my_robot_description//urdf/my_robot.urdf.xacro
[0.825s] -- Symlinking: /home/ichrak/Bureau/ros2_test-master/install/my_robot_description/share/my_robot_description//launch/display.launch.py
[0.837s] -- Symlinking: /home/ichrak/Bureau/ros2_test-master/install/my_robot_description/share/my_robot_description//launch/display.launch.xml
[0.849s] -- Symlinking: /home/ichrak/Bureau/ros2_test-master/install/my_robot_description/share/my_robot_description//rviz/urdf_config.rviz
[0.860s] -- Symlinking: /home/ichrak/Bureau/ros2_test-master/install/my_robot_description/share/ament_index/resource_index/package_run_dependencies/my_robot_description
[0.871s] -- Symlinking: /home/ichrak/Bureau/ros2_test-master/install/my_robot_description/share/ament_index/resource_index/parent_prefix_path/my_robot_description
[0.881s] -- Symlinking: /home/ichrak/Bureau/ros2_test-master/install/my_robot_description/share/my_robot_description/environment/ament_prefix_path.sh
[0.893s] -- Symlinking: /home/ichrak/Bureau/ros2_test-master/install/my_robot_description/share/my_robot_description/environment/ament_prefix_path.dsv
[0.902s] -- Symlinking: /home/ichrak/Bureau/ros2_test-master/install/my_robot_description/share/my_robot_description/environment/path.sh
[0.913s] -- Symlinking: /home/ichrak/Bureau/ros2_test-master/install/my_robot_description/share/my_robot_description/environment/path.dsv
[0.923s] -- Symlinking: /home/ichrak/Bureau/ros2_test-master/install/my_robot_description/share/my_robot_description/local_setup.bash
[0.934s] -- Symlinking: /home/ichrak/Bureau/ros2_test-master/install/my_robot_description/share/my_robot_description/local_setup.sh
[0.945s] -- Symlinking: /home/ichrak/Bureau/ros2_test-master/install/my_robot_description/share/my_robot_description/local_setup.zsh
[0.956s] -- Symlinking: /home/ichrak/Bureau/ros2_test-master/install/my_robot_description/share/my_robot_description/local_setup.dsv
[0.967s] -- Symlinking: /home/ichrak/Bureau/ros2_test-master/install/my_robot_description/share/my_robot_description/package.dsv
[0.978s] -- Symlinking: /home/ichrak/Bureau/ros2_test-master/install/my_robot_description/share/ament_index/resource_index/packages/my_robot_description
[0.988s] -- Symlinking: /home/ichrak/Bureau/ros2_test-master/install/my_robot_description/share/my_robot_description/cmake/my_robot_descriptionConfig.cmake
[0.997s] -- Symlinking: /home/ichrak/Bureau/ros2_test-master/install/my_robot_description/share/my_robot_description/cmake/my_robot_descriptionConfig-version.cmake
[1.008s] -- Symlinking: /home/ichrak/Bureau/ros2_test-master/install/my_robot_description/share/my_robot_description/package.xml
[1.020s] Invoked command in '/home/ichrak/Bureau/ros2_test-master/build/my_robot_description' returned '0': CMAKE_PREFIX_PATH=${CMAKE_PREFIX_PATH}:/home/ichrak/ros2_ws/install/pkg1:/opt/ros/humble /usr/bin/cmake --install /home/ichrak/Bureau/ros2_test-master/build/my_robot_description
