[0.015s] Invoking command in '/home/ichrak/Bureau/ros2_test-master/build/ros2_mapping': CMAKE_PREFIX_PATH=${CMAKE_PREFIX_PATH}:/home/ichrak/ros2_ws/src/install/pkg1:/home/ichrak/ros2_ws/install/pkg1:/opt/ros/humble /usr/bin/cmake --build /home/ichrak/Bureau/ros2_test-master/build/ros2_mapping -- -j12 -l12
[0.055s] Invoked command in '/home/ichrak/Bureau/ros2_test-master/build/ros2_mapping' returned '0': CMAKE_PREFIX_PATH=${CMAKE_PREFIX_PATH}:/home/ichrak/ros2_ws/src/install/pkg1:/home/ichrak/ros2_ws/install/pkg1:/opt/ros/humble /usr/bin/cmake --build /home/ichrak/Bureau/ros2_test-master/build/ros2_mapping -- -j12 -l12
[0.086s] Invoking command in '/home/ichrak/Bureau/ros2_test-master/build/ros2_mapping': CMAKE_PREFIX_PATH=${CMAKE_PREFIX_PATH}:/home/ichrak/ros2_ws/src/install/pkg1:/home/ichrak/ros2_ws/install/pkg1:/opt/ros/humble /usr/bin/cmake --install /home/ichrak/Bureau/ros2_test-master/build/ros2_mapping
[0.093s] -- Install configuration: ""
[0.093s] -- Up-to-date: /home/ichrak/Bureau/ros2_test-master/install/ros2_mapping/share/ros2_mapping
[0.094s] -- Up-to-date: /home/ichrak/Bureau/ros2_test-master/install/ros2_mapping/share/ros2_mapping/online_async_launch.py
[0.094s] -- Up-to-date: /home/ichrak/Bureau/ros2_test-master/install/ros2_mapping/share/ros2_mapping
[0.094s] -- Up-to-date: /home/ichrak/Bureau/ros2_test-master/install/ros2_mapping/share/ros2_mapping/mapper_params_online_async.yaml
[0.094s] -- Up-to-date: /home/ichrak/Bureau/ros2_test-master/install/ros2_mapping/share/ament_index/resource_index/package_run_dependencies/ros2_mapping
[0.094s] -- Up-to-date: /home/ichrak/Bureau/ros2_test-master/install/ros2_mapping/share/ament_index/resource_index/parent_prefix_path/ros2_mapping
[0.094s] -- Up-to-date: /home/ichrak/Bureau/ros2_test-master/install/ros2_mapping/share/ros2_mapping/environment/ament_prefix_path.sh
[0.095s] -- Up-to-date: /home/ichrak/Bureau/ros2_test-master/install/ros2_mapping/share/ros2_mapping/environment/ament_prefix_path.dsv
[0.095s] -- Up-to-date: /home/ichrak/Bureau/ros2_test-master/install/ros2_mapping/share/ros2_mapping/environment/path.sh
[0.095s] -- Up-to-date: /home/ichrak/Bureau/ros2_test-master/install/ros2_mapping/share/ros2_mapping/environment/path.dsv
[0.095s] -- Up-to-date: /home/ichrak/Bureau/ros2_test-master/install/ros2_mapping/share/ros2_mapping/local_setup.bash
[0.095s] -- Up-to-date: /home/ichrak/Bureau/ros2_test-master/install/ros2_mapping/share/ros2_mapping/local_setup.sh
[0.095s] -- Up-to-date: /home/ichrak/Bureau/ros2_test-master/install/ros2_mapping/share/ros2_mapping/local_setup.zsh
[0.095s] -- Up-to-date: /home/ichrak/Bureau/ros2_test-master/install/ros2_mapping/share/ros2_mapping/local_setup.dsv
[0.095s] -- Installing: /home/ichrak/Bureau/ros2_test-master/install/ros2_mapping/share/ros2_mapping/package.dsv
[0.095s] -- Up-to-date: /home/ichrak/Bureau/ros2_test-master/install/ros2_mapping/share/ament_index/resource_index/packages/ros2_mapping
[0.095s] -- Up-to-date: /home/ichrak/Bureau/ros2_test-master/install/ros2_mapping/share/ros2_mapping/cmake/ros2_mappingConfig.cmake
[0.095s] -- Up-to-date: /home/ichrak/Bureau/ros2_test-master/install/ros2_mapping/share/ros2_mapping/cmake/ros2_mappingConfig-version.cmake
[0.095s] -- Up-to-date: /home/ichrak/Bureau/ros2_test-master/install/ros2_mapping/share/ros2_mapping/package.xml
[0.097s] Invoked command in '/home/ichrak/Bureau/ros2_test-master/build/ros2_mapping' returned '0': CMAKE_PREFIX_PATH=${CMAKE_PREFIX_PATH}:/home/ichrak/ros2_ws/src/install/pkg1:/home/ichrak/ros2_ws/install/pkg1:/opt/ros/humble /usr/bin/cmake --install /home/ichrak/Bureau/ros2_test-master/build/ros2_mapping
