[0.011s] Invoking command in '/home/ichrak/Bureau/ros2_test-master/build/my_robot_bringup': AMENT_PREFIX_PATH=/home/ichrak/Bureau/ros2_test-master/install/my_robot_description:${AMENT_PREFIX_PATH} CMAKE_PREFIX_PATH=/home/ichrak/Bureau/ros2_test-master/install/my_robot_description:/home/ichrak/ros2_ws/src/install/ros2_mapping:/home/ichrak/ros2_ws/install/ros2_mapping:/home/ichrak/ros2_ws/install/pkg1:/home/ichrak/ros2_ws/src/install/pkg1:/opt/ros/humble /usr/bin/cmake /home/ichrak/Bureau/ros2_test-master/src/my_robot_bringup -DAMENT_CMAKE_SYMLINK_INSTALL=1 -DCMAKE_INSTALL_PREFIX=/home/ichrak/Bureau/ros2_test-master/install/my_robot_bringup
[0.024s] -- Found ament_cmake: 1.3.10 (/opt/ros/humble/share/ament_cmake/cmake)
[0.140s] -- Override CMake install command with custom implementation using symlinks instead of copying resources
[0.214s] -- Configuring done
[0.218s] -- Generating done
[0.219s] -- Build files have been written to: /home/ichrak/Bureau/ros2_test-master/build/my_robot_bringup
[0.223s] Invoked command in '/home/ichrak/Bureau/ros2_test-master/build/my_robot_bringup' returned '0': AMENT_PREFIX_PATH=/home/ichrak/Bureau/ros2_test-master/install/my_robot_description:${AMENT_PREFIX_PATH} CMAKE_PREFIX_PATH=/home/ichrak/Bureau/ros2_test-master/install/my_robot_description:/home/ichrak/ros2_ws/src/install/ros2_mapping:/home/ichrak/ros2_ws/install/ros2_mapping:/home/ichrak/ros2_ws/install/pkg1:/home/ichrak/ros2_ws/src/install/pkg1:/opt/ros/humble /usr/bin/cmake /home/ichrak/Bureau/ros2_test-master/src/my_robot_bringup -DAMENT_CMAKE_SYMLINK_INSTALL=1 -DCMAKE_INSTALL_PREFIX=/home/ichrak/Bureau/ros2_test-master/install/my_robot_bringup
[0.225s] Invoking command in '/home/ichrak/Bureau/ros2_test-master/build/my_robot_bringup': AMENT_PREFIX_PATH=/home/ichrak/Bureau/ros2_test-master/install/my_robot_description:${AMENT_PREFIX_PATH} CMAKE_PREFIX_PATH=/home/ichrak/Bureau/ros2_test-master/install/my_robot_description:/home/ichrak/ros2_ws/src/install/ros2_mapping:/home/ichrak/ros2_ws/install/ros2_mapping:/home/ichrak/ros2_ws/install/pkg1:/home/ichrak/ros2_ws/src/install/pkg1:/opt/ros/humble /usr/bin/cmake --build /home/ichrak/Bureau/ros2_test-master/build/my_robot_bringup -- -j12 -l12
[0.274s] Invoked command in '/home/ichrak/Bureau/ros2_test-master/build/my_robot_bringup' returned '0': AMENT_PREFIX_PATH=/home/ichrak/Bureau/ros2_test-master/install/my_robot_description:${AMENT_PREFIX_PATH} CMAKE_PREFIX_PATH=/home/ichrak/Bureau/ros2_test-master/install/my_robot_description:/home/ichrak/ros2_ws/src/install/ros2_mapping:/home/ichrak/ros2_ws/install/ros2_mapping:/home/ichrak/ros2_ws/install/pkg1:/home/ichrak/ros2_ws/src/install/pkg1:/opt/ros/humble /usr/bin/cmake --build /home/ichrak/Bureau/ros2_test-master/build/my_robot_bringup -- -j12 -l12
[0.303s] Invoking command in '/home/ichrak/Bureau/ros2_test-master/build/my_robot_bringup': AMENT_PREFIX_PATH=/home/ichrak/Bureau/ros2_test-master/install/my_robot_description:${AMENT_PREFIX_PATH} CMAKE_PREFIX_PATH=/home/ichrak/Bureau/ros2_test-master/install/my_robot_description:/home/ichrak/ros2_ws/src/install/ros2_mapping:/home/ichrak/ros2_ws/install/ros2_mapping:/home/ichrak/ros2_ws/install/pkg1:/home/ichrak/ros2_ws/src/install/pkg1:/opt/ros/humble /usr/bin/cmake --install /home/ichrak/Bureau/ros2_test-master/build/my_robot_bringup
[0.311s] -- Install configuration: ""
[0.312s] -- Execute custom install script
[0.312s] -- Up-to-date symlink: /home/ichrak/Bureau/ros2_test-master/install/my_robot_bringup/share/my_robot_bringup//launch/my_robot_gazebo.launch.xml
[0.312s] -- Up-to-date symlink: /home/ichrak/Bureau/ros2_test-master/install/my_robot_bringup/share/my_robot_bringup//rviz/mapper_params_online_async.yaml
[0.313s] -- Up-to-date symlink: /home/ichrak/Bureau/ros2_test-master/install/my_robot_bringup/share/my_robot_bringup//rviz/urdf_config.rviz
[0.313s] -- Up-to-date symlink: /home/ichrak/Bureau/ros2_test-master/install/my_robot_bringup/share/my_robot_bringup//worlds/test_world.world
[0.313s] -- Up-to-date symlink: /home/ichrak/Bureau/ros2_test-master/install/my_robot_bringup/share/ament_index/resource_index/package_run_dependencies/my_robot_bringup
[0.313s] -- Up-to-date symlink: /home/ichrak/Bureau/ros2_test-master/install/my_robot_bringup/share/ament_index/resource_index/parent_prefix_path/my_robot_bringup
[0.313s] -- Up-to-date symlink: /home/ichrak/Bureau/ros2_test-master/install/my_robot_bringup/share/my_robot_bringup/environment/ament_prefix_path.sh
[0.313s] -- Up-to-date symlink: /home/ichrak/Bureau/ros2_test-master/install/my_robot_bringup/share/my_robot_bringup/environment/ament_prefix_path.dsv
[0.313s] -- Up-to-date symlink: /home/ichrak/Bureau/ros2_test-master/install/my_robot_bringup/share/my_robot_bringup/environment/path.sh
[0.314s] -- Up-to-date symlink: /home/ichrak/Bureau/ros2_test-master/install/my_robot_bringup/share/my_robot_bringup/environment/path.dsv
[0.314s] -- Up-to-date symlink: /home/ichrak/Bureau/ros2_test-master/install/my_robot_bringup/share/my_robot_bringup/local_setup.bash
[0.314s] -- Up-to-date symlink: /home/ichrak/Bureau/ros2_test-master/install/my_robot_bringup/share/my_robot_bringup/local_setup.sh
[0.314s] -- Up-to-date symlink: /home/ichrak/Bureau/ros2_test-master/install/my_robot_bringup/share/my_robot_bringup/local_setup.zsh
[0.314s] -- Up-to-date symlink: /home/ichrak/Bureau/ros2_test-master/install/my_robot_bringup/share/my_robot_bringup/local_setup.dsv
[0.314s] -- Symlinking: /home/ichrak/Bureau/ros2_test-master/install/my_robot_bringup/share/my_robot_bringup/package.dsv
[0.327s] -- Up-to-date symlink: /home/ichrak/Bureau/ros2_test-master/install/my_robot_bringup/share/ament_index/resource_index/packages/my_robot_bringup
[0.327s] -- Up-to-date symlink: /home/ichrak/Bureau/ros2_test-master/install/my_robot_bringup/share/my_robot_bringup/cmake/my_robot_bringupConfig.cmake
[0.327s] -- Up-to-date symlink: /home/ichrak/Bureau/ros2_test-master/install/my_robot_bringup/share/my_robot_bringup/cmake/my_robot_bringupConfig-version.cmake
[0.328s] -- Up-to-date symlink: /home/ichrak/Bureau/ros2_test-master/install/my_robot_bringup/share/my_robot_bringup/package.xml
[0.331s] Invoked command in '/home/ichrak/Bureau/ros2_test-master/build/my_robot_bringup' returned '0': AMENT_PREFIX_PATH=/home/ichrak/Bureau/ros2_test-master/install/my_robot_description:${AMENT_PREFIX_PATH} CMAKE_PREFIX_PATH=/home/ichrak/Bureau/ros2_test-master/install/my_robot_description:/home/ichrak/ros2_ws/src/install/ros2_mapping:/home/ichrak/ros2_ws/install/ros2_mapping:/home/ichrak/ros2_ws/install/pkg1:/home/ichrak/ros2_ws/src/install/pkg1:/opt/ros/humble /usr/bin/cmake --install /home/ichrak/Bureau/ros2_test-master/build/my_robot_bringup
