[0.091s] DEBUG:colcon:Command line arguments: ['/usr/bin/colcon', 'build', '--symlink-install']
[0.091s] DEBUG:colcon:Parsed command line arguments: Namespace(log_base=None, log_level=None, verb_name='build', build_base='build', install_base='install', merge_install=False, symlink_install=True, test_result_base=None, continue_on_error=False, executor='parallel', parallel_workers=12, event_handlers=None, ignore_user_meta=False, metas=['./colcon.meta'], base_paths=['.'], packages_ignore=None, packages_ignore_regex=None, paths=None, packages_up_to=None, packages_up_to_regex=None, packages_above=None, packages_above_and_dependencies=None, packages_above_depth=None, packages_select_by_dep=None, packages_skip_by_dep=None, packages_skip_up_to=None, packages_select_build_failed=False, packages_skip_build_finished=False, packages_select_test_failures=False, packages_skip_test_passed=False, packages_select=None, packages_skip=None, packages_select_regex=None, packages_skip_regex=None, packages_start=None, packages_end=None, allow_overriding=[], cmake_args=None, cmake_target=None, cmake_target_skip_unavailable=False, cmake_clean_cache=False, cmake_clean_first=False, cmake_force_configure=False, ament_cmake_args=None, catkin_cmake_args=None, catkin_skip_building_tests=False, verb_parser=<colcon_defaults.argument_parser.defaults.DefaultArgumentsDecorator object at 0x754807915060>, verb_extension=<colcon_core.verb.build.BuildVerb object at 0x754807a59cc0>, main=<bound method BuildVerb.main of <colcon_core.verb.build.BuildVerb object at 0x754807a59cc0>>)
[0.247s] Level 1:colcon.colcon_core.package_discovery:discover_packages(colcon_meta) check parameters
[0.247s] Level 1:colcon.colcon_core.package_discovery:discover_packages(recursive) check parameters
[0.247s] Level 1:colcon.colcon_core.package_discovery:discover_packages(ignore) check parameters
[0.247s] Level 1:colcon.colcon_core.package_discovery:discover_packages(path) check parameters
[0.247s] Level 1:colcon.colcon_core.package_discovery:discover_packages(colcon_meta) discover
[0.247s] Level 1:colcon.colcon_core.package_discovery:discover_packages(recursive) discover
[0.247s] INFO:colcon.colcon_core.package_discovery:Crawling recursively for packages in '/home/ichrak/Bureau/ros2_test-master'
[0.247s] Level 1:colcon.colcon_core.package_identification:_identify(.) by extensions ['ignore', 'ignore_ament_install']
[0.247s] Level 1:colcon.colcon_core.package_identification:_identify(.) by extension 'ignore'
[0.247s] Level 1:colcon.colcon_core.package_identification:_identify(.) by extension 'ignore_ament_install'
[0.248s] Level 1:colcon.colcon_core.package_identification:_identify(.) by extensions ['colcon_pkg']
[0.248s] Level 1:colcon.colcon_core.package_identification:_identify(.) by extension 'colcon_pkg'
[0.248s] Level 1:colcon.colcon_core.package_identification:_identify(.) by extensions ['colcon_meta']
[0.248s] Level 1:colcon.colcon_core.package_identification:_identify(.) by extension 'colcon_meta'
[0.248s] Level 1:colcon.colcon_core.package_identification:_identify(.) by extensions ['ros']
[0.248s] Level 1:colcon.colcon_core.package_identification:_identify(.) by extension 'ros'
[0.258s] Level 1:colcon.colcon_core.package_identification:_identify(.) by extensions ['cmake', 'python']
[0.258s] Level 1:colcon.colcon_core.package_identification:_identify(.) by extension 'cmake'
[0.258s] Level 1:colcon.colcon_core.package_identification:_identify(.) by extension 'python'
[0.258s] Level 1:colcon.colcon_core.package_identification:_identify(.) by extensions ['python_setup_py']
[0.258s] Level 1:colcon.colcon_core.package_identification:_identify(.) by extension 'python_setup_py'
[0.259s] Level 1:colcon.colcon_core.package_identification:_identify(build) by extensions ['ignore', 'ignore_ament_install']
[0.259s] Level 1:colcon.colcon_core.package_identification:_identify(build) by extension 'ignore'
[0.259s] Level 1:colcon.colcon_core.package_identification:_identify(build) ignored
[0.259s] Level 1:colcon.colcon_core.package_identification:_identify(install) by extensions ['ignore', 'ignore_ament_install']
[0.259s] Level 1:colcon.colcon_core.package_identification:_identify(install) by extension 'ignore'
[0.259s] Level 1:colcon.colcon_core.package_identification:_identify(install) ignored
[0.259s] Level 1:colcon.colcon_core.package_identification:_identify(log) by extensions ['ignore', 'ignore_ament_install']
[0.259s] Level 1:colcon.colcon_core.package_identification:_identify(log) by extension 'ignore'
[0.259s] Level 1:colcon.colcon_core.package_identification:_identify(log) ignored
[0.259s] Level 1:colcon.colcon_core.package_identification:_identify(src) by extensions ['ignore', 'ignore_ament_install']
[0.259s] Level 1:colcon.colcon_core.package_identification:_identify(src) by extension 'ignore'
[0.259s] Level 1:colcon.colcon_core.package_identification:_identify(src) by extension 'ignore_ament_install'
[0.259s] Level 1:colcon.colcon_core.package_identification:_identify(src) by extensions ['colcon_pkg']
[0.259s] Level 1:colcon.colcon_core.package_identification:_identify(src) by extension 'colcon_pkg'
[0.259s] Level 1:colcon.colcon_core.package_identification:_identify(src) by extensions ['colcon_meta']
[0.259s] Level 1:colcon.colcon_core.package_identification:_identify(src) by extension 'colcon_meta'
[0.260s] Level 1:colcon.colcon_core.package_identification:_identify(src) by extensions ['ros']
[0.260s] Level 1:colcon.colcon_core.package_identification:_identify(src) by extension 'ros'
[0.260s] Level 1:colcon.colcon_core.package_identification:_identify(src) by extensions ['cmake', 'python']
[0.260s] Level 1:colcon.colcon_core.package_identification:_identify(src) by extension 'cmake'
[0.260s] Level 1:colcon.colcon_core.package_identification:_identify(src) by extension 'python'
[0.260s] Level 1:colcon.colcon_core.package_identification:_identify(src) by extensions ['python_setup_py']
[0.260s] Level 1:colcon.colcon_core.package_identification:_identify(src) by extension 'python_setup_py'
[0.260s] Level 1:colcon.colcon_core.package_identification:_identify(src/my_robot_bringup) by extensions ['ignore', 'ignore_ament_install']
[0.260s] Level 1:colcon.colcon_core.package_identification:_identify(src/my_robot_bringup) by extension 'ignore'
[0.260s] Level 1:colcon.colcon_core.package_identification:_identify(src/my_robot_bringup) by extension 'ignore_ament_install'
[0.260s] Level 1:colcon.colcon_core.package_identification:_identify(src/my_robot_bringup) by extensions ['colcon_pkg']
[0.260s] Level 1:colcon.colcon_core.package_identification:_identify(src/my_robot_bringup) by extension 'colcon_pkg'
[0.260s] Level 1:colcon.colcon_core.package_identification:_identify(src/my_robot_bringup) by extensions ['colcon_meta']
[0.260s] Level 1:colcon.colcon_core.package_identification:_identify(src/my_robot_bringup) by extension 'colcon_meta'
[0.260s] Level 1:colcon.colcon_core.package_identification:_identify(src/my_robot_bringup) by extensions ['ros']
[0.260s] Level 1:colcon.colcon_core.package_identification:_identify(src/my_robot_bringup) by extension 'ros'
[0.263s] DEBUG:colcon.colcon_core.package_identification:Package 'src/my_robot_bringup' with type 'ros.ament_cmake' and name 'my_robot_bringup'
[0.263s] Level 1:colcon.colcon_core.package_identification:_identify(src/my_robot_description) by extensions ['ignore', 'ignore_ament_install']
[0.263s] Level 1:colcon.colcon_core.package_identification:_identify(src/my_robot_description) by extension 'ignore'
[0.263s] Level 1:colcon.colcon_core.package_identification:_identify(src/my_robot_description) by extension 'ignore_ament_install'
[0.263s] Level 1:colcon.colcon_core.package_identification:_identify(src/my_robot_description) by extensions ['colcon_pkg']
[0.263s] Level 1:colcon.colcon_core.package_identification:_identify(src/my_robot_description) by extension 'colcon_pkg'
[0.263s] Level 1:colcon.colcon_core.package_identification:_identify(src/my_robot_description) by extensions ['colcon_meta']
[0.263s] Level 1:colcon.colcon_core.package_identification:_identify(src/my_robot_description) by extension 'colcon_meta'
[0.263s] Level 1:colcon.colcon_core.package_identification:_identify(src/my_robot_description) by extensions ['ros']
[0.263s] Level 1:colcon.colcon_core.package_identification:_identify(src/my_robot_description) by extension 'ros'
[0.264s] DEBUG:colcon.colcon_core.package_identification:Package 'src/my_robot_description' with type 'ros.ament_cmake' and name 'my_robot_description'
[0.264s] Level 1:colcon.colcon_core.package_discovery:discover_packages(recursive) using defaults
[0.264s] Level 1:colcon.colcon_core.package_discovery:discover_packages(ignore) discover
[0.264s] Level 1:colcon.colcon_core.package_discovery:discover_packages(ignore) using defaults
[0.264s] Level 1:colcon.colcon_core.package_discovery:discover_packages(path) discover
[0.264s] Level 1:colcon.colcon_core.package_discovery:discover_packages(path) using defaults
[0.281s] Level 1:colcon.colcon_core.package_discovery:discover_packages(prefix_path) check parameters
[0.282s] Level 1:colcon.colcon_core.package_discovery:discover_packages(prefix_path) discover
[0.283s] DEBUG:colcon.colcon_installed_package_information.package_discovery:Found 3 installed packages in /home/ichrak/Bureau/ros2_test-master/install
[0.284s] DEBUG:colcon.colcon_installed_package_information.package_discovery:Found 0 installed packages in /home/ichrak/turtlebot3_ws/install
[0.284s] DEBUG:colcon.colcon_installed_package_information.package_discovery:Found 3 installed packages in /home/ichrak/ros2_ws/install
[0.286s] DEBUG:colcon.colcon_installed_package_information.package_discovery:Found 386 installed packages in /opt/ros/humble
[0.301s] Level 1:colcon.colcon_core.package_discovery:discover_packages(prefix_path) using defaults
[0.343s] Level 5:colcon.colcon_core.verb:set package 'my_robot_description' build argument 'cmake_args' from command line to 'None'
[0.343s] Level 5:colcon.colcon_core.verb:set package 'my_robot_description' build argument 'cmake_target' from command line to 'None'
[0.343s] Level 5:colcon.colcon_core.verb:set package 'my_robot_description' build argument 'cmake_target_skip_unavailable' from command line to 'False'
[0.343s] Level 5:colcon.colcon_core.verb:set package 'my_robot_description' build argument 'cmake_clean_cache' from command line to 'False'
[0.343s] Level 5:colcon.colcon_core.verb:set package 'my_robot_description' build argument 'cmake_clean_first' from command line to 'False'
[0.343s] Level 5:colcon.colcon_core.verb:set package 'my_robot_description' build argument 'cmake_force_configure' from command line to 'False'
[0.344s] Level 5:colcon.colcon_core.verb:set package 'my_robot_description' build argument 'ament_cmake_args' from command line to 'None'
[0.344s] Level 5:colcon.colcon_core.verb:set package 'my_robot_description' build argument 'catkin_cmake_args' from command line to 'None'
[0.344s] Level 5:colcon.colcon_core.verb:set package 'my_robot_description' build argument 'catkin_skip_building_tests' from command line to 'False'
[0.344s] DEBUG:colcon.colcon_core.verb:Building package 'my_robot_description' with the following arguments: {'ament_cmake_args': None, 'build_base': '/home/ichrak/Bureau/ros2_test-master/build/my_robot_description', 'catkin_cmake_args': None, 'catkin_skip_building_tests': False, 'cmake_args': None, 'cmake_clean_cache': False, 'cmake_clean_first': False, 'cmake_force_configure': False, 'cmake_target': None, 'cmake_target_skip_unavailable': False, 'install_base': '/home/ichrak/Bureau/ros2_test-master/install/my_robot_description', 'merge_install': False, 'path': '/home/ichrak/Bureau/ros2_test-master/src/my_robot_description', 'symlink_install': True, 'test_result_base': None}
[0.344s] Level 5:colcon.colcon_core.verb:set package 'my_robot_bringup' build argument 'cmake_args' from command line to 'None'
[0.344s] Level 5:colcon.colcon_core.verb:set package 'my_robot_bringup' build argument 'cmake_target' from command line to 'None'
[0.344s] Level 5:colcon.colcon_core.verb:set package 'my_robot_bringup' build argument 'cmake_target_skip_unavailable' from command line to 'False'
[0.344s] Level 5:colcon.colcon_core.verb:set package 'my_robot_bringup' build argument 'cmake_clean_cache' from command line to 'False'
[0.344s] Level 5:colcon.colcon_core.verb:set package 'my_robot_bringup' build argument 'cmake_clean_first' from command line to 'False'
[0.344s] Level 5:colcon.colcon_core.verb:set package 'my_robot_bringup' build argument 'cmake_force_configure' from command line to 'False'
[0.344s] Level 5:colcon.colcon_core.verb:set package 'my_robot_bringup' build argument 'ament_cmake_args' from command line to 'None'
[0.344s] Level 5:colcon.colcon_core.verb:set package 'my_robot_bringup' build argument 'catkin_cmake_args' from command line to 'None'
[0.344s] Level 5:colcon.colcon_core.verb:set package 'my_robot_bringup' build argument 'catkin_skip_building_tests' from command line to 'False'
[0.344s] DEBUG:colcon.colcon_core.verb:Building package 'my_robot_bringup' with the following arguments: {'ament_cmake_args': None, 'build_base': '/home/ichrak/Bureau/ros2_test-master/build/my_robot_bringup', 'catkin_cmake_args': None, 'catkin_skip_building_tests': False, 'cmake_args': None, 'cmake_clean_cache': False, 'cmake_clean_first': False, 'cmake_force_configure': False, 'cmake_target': None, 'cmake_target_skip_unavailable': False, 'install_base': '/home/ichrak/Bureau/ros2_test-master/install/my_robot_bringup', 'merge_install': False, 'path': '/home/ichrak/Bureau/ros2_test-master/src/my_robot_bringup', 'symlink_install': True, 'test_result_base': None}
[0.344s] INFO:colcon.colcon_core.executor:Executing jobs using 'parallel' executor
[0.345s] DEBUG:colcon.colcon_parallel_executor.executor.parallel:run_until_complete
[0.345s] INFO:colcon.colcon_ros.task.ament_cmake.build:Building ROS package in '/home/ichrak/Bureau/ros2_test-master/src/my_robot_description' with build type 'ament_cmake'
[0.346s] INFO:colcon.colcon_cmake.task.cmake.build:Building CMake package in '/home/ichrak/Bureau/ros2_test-master/src/my_robot_description'
[0.347s] INFO:colcon.colcon_core.plugin_system:Skipping extension 'colcon_core.shell.bat': Not used on non-Windows systems
[0.347s] INFO:colcon.colcon_core.shell:Skip shell extension 'powershell' for command environment: Not usable outside of PowerShell
[0.347s] DEBUG:colcon.colcon_core.shell:Skip shell extension 'dsv' for command environment
[0.358s] DEBUG:colcon.colcon_core.event_handler.log_command:Invoking command in '/home/ichrak/Bureau/ros2_test-master/build/my_robot_description': CMAKE_PREFIX_PATH=${CMAKE_PREFIX_PATH}:/home/ichrak/ros2_ws/install/pkg1:/opt/ros/humble /usr/bin/cmake /home/ichrak/Bureau/ros2_test-master/src/my_robot_description -DAMENT_CMAKE_SYMLINK_INSTALL=1 -DCMAKE_INSTALL_PREFIX=/home/ichrak/Bureau/ros2_test-master/install/my_robot_description
[1.021s] DEBUG:colcon.colcon_core.event_handler.log_command:Invoked command in '/home/ichrak/Bureau/ros2_test-master/build/my_robot_description' returned '0': CMAKE_PREFIX_PATH=${CMAKE_PREFIX_PATH}:/home/ichrak/ros2_ws/install/pkg1:/opt/ros/humble /usr/bin/cmake /home/ichrak/Bureau/ros2_test-master/src/my_robot_description -DAMENT_CMAKE_SYMLINK_INSTALL=1 -DCMAKE_INSTALL_PREFIX=/home/ichrak/Bureau/ros2_test-master/install/my_robot_description
[1.023s] DEBUG:colcon.colcon_core.event_handler.log_command:Invoking command in '/home/ichrak/Bureau/ros2_test-master/build/my_robot_description': CMAKE_PREFIX_PATH=${CMAKE_PREFIX_PATH}:/home/ichrak/ros2_ws/install/pkg1:/opt/ros/humble /usr/bin/cmake --build /home/ichrak/Bureau/ros2_test-master/build/my_robot_description -- -j12 -l12
[1.066s] DEBUG:colcon.colcon_core.event_handler.log_command:Invoked command in '/home/ichrak/Bureau/ros2_test-master/build/my_robot_description' returned '0': CMAKE_PREFIX_PATH=${CMAKE_PREFIX_PATH}:/home/ichrak/ros2_ws/install/pkg1:/opt/ros/humble /usr/bin/cmake --build /home/ichrak/Bureau/ros2_test-master/build/my_robot_description -- -j12 -l12
[1.100s] DEBUG:colcon.colcon_core.event_handler.log_command:Invoking command in '/home/ichrak/Bureau/ros2_test-master/build/my_robot_description': CMAKE_PREFIX_PATH=${CMAKE_PREFIX_PATH}:/home/ichrak/ros2_ws/install/pkg1:/opt/ros/humble /usr/bin/cmake --install /home/ichrak/Bureau/ros2_test-master/build/my_robot_description
[1.366s] Level 1:colcon.colcon_core.environment:create_environment_scripts_only(my_robot_description)
[1.366s] DEBUG:colcon.colcon_core.event_handler.log_command:Invoked command in '/home/ichrak/Bureau/ros2_test-master/build/my_robot_description' returned '0': CMAKE_PREFIX_PATH=${CMAKE_PREFIX_PATH}:/home/ichrak/ros2_ws/install/pkg1:/opt/ros/humble /usr/bin/cmake --install /home/ichrak/Bureau/ros2_test-master/build/my_robot_description
[1.368s] Level 1:colcon.colcon_core.environment:checking '/home/ichrak/Bureau/ros2_test-master/install/my_robot_description' for CMake module files
[1.369s] Level 1:colcon.colcon_core.environment:checking '/home/ichrak/Bureau/ros2_test-master/install/my_robot_description' for CMake config files
[1.369s] Level 1:colcon.colcon_core.shell:create_environment_hook('my_robot_description', 'cmake_prefix_path')
[1.369s] INFO:colcon.colcon_core.shell:Creating environment hook '/home/ichrak/Bureau/ros2_test-master/install/my_robot_description/share/my_robot_description/hook/cmake_prefix_path.ps1'
[1.370s] INFO:colcon.colcon_core.shell:Creating environment descriptor '/home/ichrak/Bureau/ros2_test-master/install/my_robot_description/share/my_robot_description/hook/cmake_prefix_path.dsv'
[1.370s] INFO:colcon.colcon_core.shell:Creating environment hook '/home/ichrak/Bureau/ros2_test-master/install/my_robot_description/share/my_robot_description/hook/cmake_prefix_path.sh'
[1.371s] Level 1:colcon.colcon_core.environment:checking '/home/ichrak/Bureau/ros2_test-master/install/my_robot_description/bin'
[1.371s] Level 1:colcon.colcon_core.environment:checking '/home/ichrak/Bureau/ros2_test-master/install/my_robot_description/lib/pkgconfig/my_robot_description.pc'
[1.371s] Level 1:colcon.colcon_core.environment:checking '/home/ichrak/Bureau/ros2_test-master/install/my_robot_description/lib/python3.10/site-packages'
[1.371s] Level 1:colcon.colcon_core.environment:checking '/home/ichrak/Bureau/ros2_test-master/install/my_robot_description/bin'
[1.371s] INFO:colcon.colcon_core.shell:Creating package script '/home/ichrak/Bureau/ros2_test-master/install/my_robot_description/share/my_robot_description/package.ps1'
[1.372s] INFO:colcon.colcon_core.shell:Creating package descriptor '/home/ichrak/Bureau/ros2_test-master/install/my_robot_description/share/my_robot_description/package.dsv'
[1.372s] INFO:colcon.colcon_core.shell:Creating package script '/home/ichrak/Bureau/ros2_test-master/install/my_robot_description/share/my_robot_description/package.sh'
[1.374s] INFO:colcon.colcon_core.shell:Creating package script '/home/ichrak/Bureau/ros2_test-master/install/my_robot_description/share/my_robot_description/package.bash'
[1.375s] INFO:colcon.colcon_core.shell:Creating package script '/home/ichrak/Bureau/ros2_test-master/install/my_robot_description/share/my_robot_description/package.zsh'
[1.376s] Level 1:colcon.colcon_core.environment:create_file_with_runtime_dependencies(/home/ichrak/Bureau/ros2_test-master/install/my_robot_description/share/colcon-core/packages/my_robot_description)
[1.402s] Level 1:colcon.colcon_core.environment:create_environment_scripts_only(my_robot_description)
[1.402s] Level 1:colcon.colcon_core.environment:checking '/home/ichrak/Bureau/ros2_test-master/install/my_robot_description' for CMake module files
[1.403s] Level 1:colcon.colcon_core.environment:checking '/home/ichrak/Bureau/ros2_test-master/install/my_robot_description' for CMake config files
[1.403s] Level 1:colcon.colcon_core.shell:create_environment_hook('my_robot_description', 'cmake_prefix_path')
[1.404s] INFO:colcon.colcon_core.shell:Creating environment hook '/home/ichrak/Bureau/ros2_test-master/install/my_robot_description/share/my_robot_description/hook/cmake_prefix_path.ps1'
[1.404s] INFO:colcon.colcon_core.shell:Creating environment descriptor '/home/ichrak/Bureau/ros2_test-master/install/my_robot_description/share/my_robot_description/hook/cmake_prefix_path.dsv'
[1.405s] INFO:colcon.colcon_core.shell:Creating environment hook '/home/ichrak/Bureau/ros2_test-master/install/my_robot_description/share/my_robot_description/hook/cmake_prefix_path.sh'
[1.406s] Level 1:colcon.colcon_core.environment:checking '/home/ichrak/Bureau/ros2_test-master/install/my_robot_description/bin'
[1.406s] Level 1:colcon.colcon_core.environment:checking '/home/ichrak/Bureau/ros2_test-master/install/my_robot_description/lib/pkgconfig/my_robot_description.pc'
[1.406s] Level 1:colcon.colcon_core.environment:checking '/home/ichrak/Bureau/ros2_test-master/install/my_robot_description/lib/python3.10/site-packages'
[1.406s] Level 1:colcon.colcon_core.environment:checking '/home/ichrak/Bureau/ros2_test-master/install/my_robot_description/bin'
[1.407s] INFO:colcon.colcon_core.shell:Creating package script '/home/ichrak/Bureau/ros2_test-master/install/my_robot_description/share/my_robot_description/package.ps1'
[1.407s] INFO:colcon.colcon_core.shell:Creating package descriptor '/home/ichrak/Bureau/ros2_test-master/install/my_robot_description/share/my_robot_description/package.dsv'
[1.408s] INFO:colcon.colcon_core.shell:Creating package script '/home/ichrak/Bureau/ros2_test-master/install/my_robot_description/share/my_robot_description/package.sh'
[1.409s] INFO:colcon.colcon_core.shell:Creating package script '/home/ichrak/Bureau/ros2_test-master/install/my_robot_description/share/my_robot_description/package.bash'
[1.409s] INFO:colcon.colcon_core.shell:Creating package script '/home/ichrak/Bureau/ros2_test-master/install/my_robot_description/share/my_robot_description/package.zsh'
[1.410s] Level 1:colcon.colcon_core.environment:create_file_with_runtime_dependencies(/home/ichrak/Bureau/ros2_test-master/install/my_robot_description/share/colcon-core/packages/my_robot_description)
[1.410s] INFO:colcon.colcon_ros.task.ament_cmake.build:Building ROS package in '/home/ichrak/Bureau/ros2_test-master/src/my_robot_bringup' with build type 'ament_cmake'
[1.410s] INFO:colcon.colcon_cmake.task.cmake.build:Building CMake package in '/home/ichrak/Bureau/ros2_test-master/src/my_robot_bringup'
[1.411s] INFO:colcon.colcon_core.shell:Skip shell extension 'powershell' for command environment: Not usable outside of PowerShell
[1.411s] DEBUG:colcon.colcon_core.shell:Skip shell extension 'dsv' for command environment
[1.422s] DEBUG:colcon.colcon_core.event_handler.log_command:Invoking command in '/home/ichrak/Bureau/ros2_test-master/build/my_robot_bringup': AMENT_PREFIX_PATH=/home/ichrak/Bureau/ros2_test-master/install/my_robot_description:${AMENT_PREFIX_PATH} CMAKE_PREFIX_PATH=/home/ichrak/Bureau/ros2_test-master/install/my_robot_description:/home/ichrak/Bureau/ros2_test-master/install/my_robot_bringup:/home/ichrak/ros2_ws/install/pkg1:/opt/ros/humble /usr/bin/cmake /home/ichrak/Bureau/ros2_test-master/src/my_robot_bringup -DAMENT_CMAKE_SYMLINK_INSTALL=1 -DCMAKE_INSTALL_PREFIX=/home/ichrak/Bureau/ros2_test-master/install/my_robot_bringup
[1.433s] DEBUG:colcon.colcon_core.event_handler.log_command:Invoked command in '/home/ichrak/Bureau/ros2_test-master/build/my_robot_bringup' returned '1': AMENT_PREFIX_PATH=/home/ichrak/Bureau/ros2_test-master/install/my_robot_description:${AMENT_PREFIX_PATH} CMAKE_PREFIX_PATH=/home/ichrak/Bureau/ros2_test-master/install/my_robot_description:/home/ichrak/Bureau/ros2_test-master/install/my_robot_bringup:/home/ichrak/ros2_ws/install/pkg1:/opt/ros/humble /usr/bin/cmake /home/ichrak/Bureau/ros2_test-master/src/my_robot_bringup -DAMENT_CMAKE_SYMLINK_INSTALL=1 -DCMAKE_INSTALL_PREFIX=/home/ichrak/Bureau/ros2_test-master/install/my_robot_bringup
[1.447s] Level 1:colcon.colcon_core.environment:create_environment_scripts_only(my_robot_bringup)
[1.448s] Level 1:colcon.colcon_core.environment:checking '/home/ichrak/Bureau/ros2_test-master/install/my_robot_bringup' for CMake module files
[1.448s] Level 1:colcon.colcon_core.environment:checking '/home/ichrak/Bureau/ros2_test-master/install/my_robot_bringup' for CMake config files
[1.449s] Level 1:colcon.colcon_core.shell:create_environment_hook('my_robot_bringup', 'cmake_prefix_path')
[1.449s] INFO:colcon.colcon_core.shell:Creating environment hook '/home/ichrak/Bureau/ros2_test-master/install/my_robot_bringup/share/my_robot_bringup/hook/cmake_prefix_path.ps1'
[1.449s] INFO:colcon.colcon_core.shell:Creating environment descriptor '/home/ichrak/Bureau/ros2_test-master/install/my_robot_bringup/share/my_robot_bringup/hook/cmake_prefix_path.dsv'
[1.450s] INFO:colcon.colcon_core.shell:Creating environment hook '/home/ichrak/Bureau/ros2_test-master/install/my_robot_bringup/share/my_robot_bringup/hook/cmake_prefix_path.sh'
[1.450s] Level 1:colcon.colcon_core.environment:checking '/home/ichrak/Bureau/ros2_test-master/install/my_robot_bringup/bin'
[1.450s] Level 1:colcon.colcon_core.environment:checking '/home/ichrak/Bureau/ros2_test-master/install/my_robot_bringup/lib/pkgconfig/my_robot_bringup.pc'
[1.450s] Level 1:colcon.colcon_core.environment:checking '/home/ichrak/Bureau/ros2_test-master/install/my_robot_bringup/lib/python3.10/site-packages'
[1.451s] Level 1:colcon.colcon_core.environment:checking '/home/ichrak/Bureau/ros2_test-master/install/my_robot_bringup/bin'
[1.451s] INFO:colcon.colcon_core.shell:Creating package script '/home/ichrak/Bureau/ros2_test-master/install/my_robot_bringup/share/my_robot_bringup/package.ps1'
[1.451s] INFO:colcon.colcon_core.shell:Creating package descriptor '/home/ichrak/Bureau/ros2_test-master/install/my_robot_bringup/share/my_robot_bringup/package.dsv'
[1.452s] INFO:colcon.colcon_core.shell:Creating package script '/home/ichrak/Bureau/ros2_test-master/install/my_robot_bringup/share/my_robot_bringup/package.sh'
[1.452s] INFO:colcon.colcon_core.shell:Creating package script '/home/ichrak/Bureau/ros2_test-master/install/my_robot_bringup/share/my_robot_bringup/package.bash'
[1.452s] INFO:colcon.colcon_core.shell:Creating package script '/home/ichrak/Bureau/ros2_test-master/install/my_robot_bringup/share/my_robot_bringup/package.zsh'
[1.453s] Level 1:colcon.colcon_core.environment:create_file_with_runtime_dependencies(/home/ichrak/Bureau/ros2_test-master/install/my_robot_bringup/share/colcon-core/packages/my_robot_bringup)
[1.463s] DEBUG:colcon.colcon_parallel_executor.executor.parallel:closing loop
[1.463s] DEBUG:colcon.colcon_parallel_executor.executor.parallel:loop closed
[1.464s] DEBUG:colcon.colcon_parallel_executor.executor.parallel:run_until_complete finished with '1'
[1.464s] DEBUG:colcon.colcon_core.event_reactor:joining thread
[1.469s] INFO:colcon.colcon_core.plugin_system:Skipping extension 'colcon_notification.desktop_notification.terminal_notifier': Not used on non-Darwin systems
[1.469s] INFO:colcon.colcon_core.plugin_system:Skipping extension 'colcon_notification.desktop_notification.win32': Not used on non-Windows systems
[1.469s] INFO:colcon.colcon_notification.desktop_notification:Sending desktop notification using 'notify2'
[1.481s] DEBUG:colcon.colcon_core.event_reactor:joined thread
[1.482s] INFO:colcon.colcon_core.shell:Creating prefix script '/home/ichrak/Bureau/ros2_test-master/install/local_setup.ps1'
[1.483s] INFO:colcon.colcon_core.shell:Creating prefix util module '/home/ichrak/Bureau/ros2_test-master/install/_local_setup_util_ps1.py'
[1.484s] INFO:colcon.colcon_core.shell:Creating prefix chain script '/home/ichrak/Bureau/ros2_test-master/install/setup.ps1'
[1.486s] INFO:colcon.colcon_core.shell:Creating prefix script '/home/ichrak/Bureau/ros2_test-master/install/local_setup.sh'
[1.487s] INFO:colcon.colcon_core.shell:Creating prefix util module '/home/ichrak/Bureau/ros2_test-master/install/_local_setup_util_sh.py'
[1.488s] INFO:colcon.colcon_core.shell:Creating prefix chain script '/home/ichrak/Bureau/ros2_test-master/install/setup.sh'
[1.489s] INFO:colcon.colcon_core.shell:Creating prefix script '/home/ichrak/Bureau/ros2_test-master/install/local_setup.bash'
[1.490s] INFO:colcon.colcon_core.shell:Creating prefix chain script '/home/ichrak/Bureau/ros2_test-master/install/setup.bash'
[1.491s] INFO:colcon.colcon_core.shell:Creating prefix script '/home/ichrak/Bureau/ros2_test-master/install/local_setup.zsh'
[1.493s] INFO:colcon.colcon_core.shell:Creating prefix chain script '/home/ichrak/Bureau/ros2_test-master/install/setup.zsh'
