[0.010s] Invoking command in '/home/ichrak/Bureau/ros2_test-master/build/my_robot_bringup': AMENT_PREFIX_PATH=/home/ichrak/Bureau/ros2_test-master/install/my_robot_description:${AMENT_PREFIX_PATH} CMAKE_PREFIX_PATH=/home/ichrak/Bureau/ros2_test-master/install/my_robot_description:/home/ichrak/Bureau/ros2_test-master/install/my_robot_bringup:/home/ichrak/ros2_ws/install/pkg1:/opt/ros/humble /usr/bin/cmake /home/ichrak/Bureau/ros2_test-master/src/my_robot_bringup -DAMENT_CMAKE_SYMLINK_INSTALL=1 -DCMAKE_INSTALL_PREFIX=/home/ichrak/Bureau/ros2_test-master/install/my_robot_bringup
[0.073s] -- The C compiler identification is GNU 11.4.0
[0.131s] -- The CXX compiler identification is GNU 11.4.0
[0.139s] -- Detecting C compiler ABI info
[0.222s] -- Detecting C compiler ABI info - done
[0.230s] -- Check for working C compiler: /usr/bin/cc - skipped
[0.230s] -- Detecting C compile features
[0.230s] -- Detecting C compile features - done
[0.233s] -- Detecting CXX compiler ABI info
[0.324s] -- Detecting CXX compiler ABI info - done
[0.333s] -- Check for working CXX compiler: /usr/bin/c++ - skipped
[0.333s] -- Detecting CXX compile features
[0.333s] -- Detecting CXX compile features - done
[0.337s] -- Found ament_cmake: 1.3.10 (/opt/ros/humble/share/ament_cmake/cmake)
[0.487s] -- Found Python3: /usr/bin/python3 (found version "3.10.12") found components: Interpreter 
[0.546s] -- Override CMake install command with custom implementation using symlinks instead of copying resources
[0.642s] -- Configuring done
[0.646s] -- Generating done
[0.648s] -- Build files have been written to: /home/ichrak/Bureau/ros2_test-master/build/my_robot_bringup
[0.654s] Invoked command in '/home/ichrak/Bureau/ros2_test-master/build/my_robot_bringup' returned '0': AMENT_PREFIX_PATH=/home/ichrak/Bureau/ros2_test-master/install/my_robot_description:${AMENT_PREFIX_PATH} CMAKE_PREFIX_PATH=/home/ichrak/Bureau/ros2_test-master/install/my_robot_description:/home/ichrak/Bureau/ros2_test-master/install/my_robot_bringup:/home/ichrak/ros2_ws/install/pkg1:/opt/ros/humble /usr/bin/cmake /home/ichrak/Bureau/ros2_test-master/src/my_robot_bringup -DAMENT_CMAKE_SYMLINK_INSTALL=1 -DCMAKE_INSTALL_PREFIX=/home/ichrak/Bureau/ros2_test-master/install/my_robot_bringup
[0.655s] Invoking command in '/home/ichrak/Bureau/ros2_test-master/build/my_robot_bringup': AMENT_PREFIX_PATH=/home/ichrak/Bureau/ros2_test-master/install/my_robot_description:${AMENT_PREFIX_PATH} CMAKE_PREFIX_PATH=/home/ichrak/Bureau/ros2_test-master/install/my_robot_description:/home/ichrak/Bureau/ros2_test-master/install/my_robot_bringup:/home/ichrak/ros2_ws/install/pkg1:/opt/ros/humble /usr/bin/cmake --build /home/ichrak/Bureau/ros2_test-master/build/my_robot_bringup -- -j12 -l12
[0.701s] Invoked command in '/home/ichrak/Bureau/ros2_test-master/build/my_robot_bringup' returned '0': AMENT_PREFIX_PATH=/home/ichrak/Bureau/ros2_test-master/install/my_robot_description:${AMENT_PREFIX_PATH} CMAKE_PREFIX_PATH=/home/ichrak/Bureau/ros2_test-master/install/my_robot_description:/home/ichrak/Bureau/ros2_test-master/install/my_robot_bringup:/home/ichrak/ros2_ws/install/pkg1:/opt/ros/humble /usr/bin/cmake --build /home/ichrak/Bureau/ros2_test-master/build/my_robot_bringup -- -j12 -l12
[0.727s] Invoking command in '/home/ichrak/Bureau/ros2_test-master/build/my_robot_bringup': AMENT_PREFIX_PATH=/home/ichrak/Bureau/ros2_test-master/install/my_robot_description:${AMENT_PREFIX_PATH} CMAKE_PREFIX_PATH=/home/ichrak/Bureau/ros2_test-master/install/my_robot_description:/home/ichrak/Bureau/ros2_test-master/install/my_robot_bringup:/home/ichrak/ros2_ws/install/pkg1:/opt/ros/humble /usr/bin/cmake --install /home/ichrak/Bureau/ros2_test-master/build/my_robot_bringup
[0.735s] -- Install configuration: ""
[0.735s] -- Execute custom install script
[0.736s] -- Symlinking: /home/ichrak/Bureau/ros2_test-master/install/my_robot_bringup/share/my_robot_bringup//launch/launch_sim.launch.py
[0.746s] -- Symlinking: /home/ichrak/Bureau/ros2_test-master/install/my_robot_bringup/share/my_robot_bringup//launch/my_robot_gazebo.launch.xml
[0.756s] -- Symlinking: /home/ichrak/Bureau/ros2_test-master/install/my_robot_bringup/share/my_robot_bringup//rviz/mapper_params_online_async.yaml
[0.768s] -- Symlinking: /home/ichrak/Bureau/ros2_test-master/install/my_robot_bringup/share/my_robot_bringup//rviz/urdf_config.rviz
[0.779s] -- Symlinking: /home/ichrak/Bureau/ros2_test-master/install/my_robot_bringup/share/my_robot_bringup//worlds/test_world.world
[0.789s] -- Symlinking: /home/ichrak/Bureau/ros2_test-master/install/my_robot_bringup/share/ament_index/resource_index/package_run_dependencies/my_robot_bringup
[0.798s] -- Symlinking: /home/ichrak/Bureau/ros2_test-master/install/my_robot_bringup/share/ament_index/resource_index/parent_prefix_path/my_robot_bringup
[0.809s] -- Symlinking: /home/ichrak/Bureau/ros2_test-master/install/my_robot_bringup/share/my_robot_bringup/environment/ament_prefix_path.sh
[0.819s] -- Symlinking: /home/ichrak/Bureau/ros2_test-master/install/my_robot_bringup/share/my_robot_bringup/environment/ament_prefix_path.dsv
[0.829s] -- Symlinking: /home/ichrak/Bureau/ros2_test-master/install/my_robot_bringup/share/my_robot_bringup/environment/path.sh
[0.839s] -- Symlinking: /home/ichrak/Bureau/ros2_test-master/install/my_robot_bringup/share/my_robot_bringup/environment/path.dsv
[0.848s] -- Symlinking: /home/ichrak/Bureau/ros2_test-master/install/my_robot_bringup/share/my_robot_bringup/local_setup.bash
[0.858s] -- Symlinking: /home/ichrak/Bureau/ros2_test-master/install/my_robot_bringup/share/my_robot_bringup/local_setup.sh
[0.869s] -- Symlinking: /home/ichrak/Bureau/ros2_test-master/install/my_robot_bringup/share/my_robot_bringup/local_setup.zsh
[0.880s] -- Symlinking: /home/ichrak/Bureau/ros2_test-master/install/my_robot_bringup/share/my_robot_bringup/local_setup.dsv
[0.891s] -- Symlinking: /home/ichrak/Bureau/ros2_test-master/install/my_robot_bringup/share/my_robot_bringup/package.dsv
[0.902s] -- Symlinking: /home/ichrak/Bureau/ros2_test-master/install/my_robot_bringup/share/ament_index/resource_index/packages/my_robot_bringup
[0.911s] -- Symlinking: /home/ichrak/Bureau/ros2_test-master/install/my_robot_bringup/share/my_robot_bringup/cmake/my_robot_bringupConfig.cmake
[0.922s] -- Symlinking: /home/ichrak/Bureau/ros2_test-master/install/my_robot_bringup/share/my_robot_bringup/cmake/my_robot_bringupConfig-version.cmake
[0.931s] -- Symlinking: /home/ichrak/Bureau/ros2_test-master/install/my_robot_bringup/share/my_robot_bringup/package.xml
[0.943s] Invoked command in '/home/ichrak/Bureau/ros2_test-master/build/my_robot_bringup' returned '0': AMENT_PREFIX_PATH=/home/ichrak/Bureau/ros2_test-master/install/my_robot_description:${AMENT_PREFIX_PATH} CMAKE_PREFIX_PATH=/home/ichrak/Bureau/ros2_test-master/install/my_robot_description:/home/ichrak/Bureau/ros2_test-master/install/my_robot_bringup:/home/ichrak/ros2_ws/install/pkg1:/opt/ros/humble /usr/bin/cmake --install /home/ichrak/Bureau/ros2_test-master/build/my_robot_bringup
