[0.013s] Invoking command in '/home/ichrak/Bureau/ros2_test-master/build/my_robot_description': CMAKE_PREFIX_PATH=${CMAKE_PREFIX_PATH}:/home/ichrak/ros2_ws/install/ros2_mapping:/home/ichrak/ros2_ws/install/pkg1:/home/ichrak/ros2_ws/src/install/pkg1:/opt/ros/humble /usr/bin/cmake --build /home/ichrak/Bureau/ros2_test-master/build/my_robot_description -- -j12 -l12
[0.055s] Invoked command in '/home/ichrak/Bureau/ros2_test-master/build/my_robot_description' returned '0': CMAKE_PREFIX_PATH=${CMAKE_PREFIX_PATH}:/home/ichrak/ros2_ws/install/ros2_mapping:/home/ichrak/ros2_ws/install/pkg1:/home/ichrak/ros2_ws/src/install/pkg1:/opt/ros/humble /usr/bin/cmake --build /home/ichrak/Bureau/ros2_test-master/build/my_robot_description -- -j12 -l12
[0.089s] Invoking command in '/home/ichrak/Bureau/ros2_test-master/build/my_robot_description': CMAKE_PREFIX_PATH=${CMAKE_PREFIX_PATH}:/home/ichrak/ros2_ws/install/ros2_mapping:/home/ichrak/ros2_ws/install/pkg1:/home/ichrak/ros2_ws/src/install/pkg1:/opt/ros/humble /usr/bin/cmake --install /home/ichrak/Bureau/ros2_test-master/build/my_robot_description
[0.097s] -- Install configuration: ""
[0.097s] -- Execute custom install script
[0.097s] -- Up-to-date symlink: /home/ichrak/Bureau/ros2_test-master/install/my_robot_description/share/my_robot_description//urdf/camera.xacro
[0.098s] -- Up-to-date symlink: /home/ichrak/Bureau/ros2_test-master/install/my_robot_description/share/my_robot_description//urdf/common_properties.xacro
[0.098s] -- Up-to-date symlink: /home/ichrak/Bureau/ros2_test-master/install/my_robot_description/share/my_robot_description//urdf/lidar.xacro
[0.098s] -- Up-to-date symlink: /home/ichrak/Bureau/ros2_test-master/install/my_robot_description/share/my_robot_description//urdf/mobile_base.xacro
[0.098s] -- Up-to-date symlink: /home/ichrak/Bureau/ros2_test-master/install/my_robot_description/share/my_robot_description//urdf/mobile_base_gazebo.xacro
[0.098s] -- Up-to-date symlink: /home/ichrak/Bureau/ros2_test-master/install/my_robot_description/share/my_robot_description//urdf/my_robot.urdf.xacro
[0.098s] -- Up-to-date symlink: /home/ichrak/Bureau/ros2_test-master/install/my_robot_description/share/my_robot_description//launch/display.launch.py
[0.098s] -- Up-to-date symlink: /home/ichrak/Bureau/ros2_test-master/install/my_robot_description/share/my_robot_description//launch/display.launch.xml
[0.098s] -- Up-to-date symlink: /home/ichrak/Bureau/ros2_test-master/install/my_robot_description/share/my_robot_description//rviz/urdf_config.rviz
[0.099s] -- Up-to-date symlink: /home/ichrak/Bureau/ros2_test-master/install/my_robot_description/share/ament_index/resource_index/package_run_dependencies/my_robot_description
[0.099s] -- Up-to-date symlink: /home/ichrak/Bureau/ros2_test-master/install/my_robot_description/share/ament_index/resource_index/parent_prefix_path/my_robot_description
[0.099s] -- Up-to-date symlink: /home/ichrak/Bureau/ros2_test-master/install/my_robot_description/share/my_robot_description/environment/ament_prefix_path.sh
[0.099s] -- Up-to-date symlink: /home/ichrak/Bureau/ros2_test-master/install/my_robot_description/share/my_robot_description/environment/ament_prefix_path.dsv
[0.099s] -- Up-to-date symlink: /home/ichrak/Bureau/ros2_test-master/install/my_robot_description/share/my_robot_description/environment/path.sh
[0.100s] -- Up-to-date symlink: /home/ichrak/Bureau/ros2_test-master/install/my_robot_description/share/my_robot_description/environment/path.dsv
[0.100s] -- Up-to-date symlink: /home/ichrak/Bureau/ros2_test-master/install/my_robot_description/share/my_robot_description/local_setup.bash
[0.100s] -- Up-to-date symlink: /home/ichrak/Bureau/ros2_test-master/install/my_robot_description/share/my_robot_description/local_setup.sh
[0.100s] -- Up-to-date symlink: /home/ichrak/Bureau/ros2_test-master/install/my_robot_description/share/my_robot_description/local_setup.zsh
[0.100s] -- Up-to-date symlink: /home/ichrak/Bureau/ros2_test-master/install/my_robot_description/share/my_robot_description/local_setup.dsv
[0.100s] -- Symlinking: /home/ichrak/Bureau/ros2_test-master/install/my_robot_description/share/my_robot_description/package.dsv
[0.110s] -- Up-to-date symlink: /home/ichrak/Bureau/ros2_test-master/install/my_robot_description/share/ament_index/resource_index/packages/my_robot_description
[0.111s] -- Up-to-date symlink: /home/ichrak/Bureau/ros2_test-master/install/my_robot_description/share/my_robot_description/cmake/my_robot_descriptionConfig.cmake
[0.111s] -- Up-to-date symlink: /home/ichrak/Bureau/ros2_test-master/install/my_robot_description/share/my_robot_description/cmake/my_robot_descriptionConfig-version.cmake
[0.111s] -- Up-to-date symlink: /home/ichrak/Bureau/ros2_test-master/install/my_robot_description/share/my_robot_description/package.xml
[0.113s] Invoked command in '/home/ichrak/Bureau/ros2_test-master/build/my_robot_description' returned '0': CMAKE_PREFIX_PATH=${CMAKE_PREFIX_PATH}:/home/ichrak/ros2_ws/install/ros2_mapping:/home/ichrak/ros2_ws/install/pkg1:/home/ichrak/ros2_ws/src/install/pkg1:/opt/ros/humble /usr/bin/cmake --install /home/ichrak/Bureau/ros2_test-master/build/my_robot_description
