[0.008s] Invoking command in '/home/ichrak/Bureau/ros2_test-master/build/my_robot_bringup': AMENT_PREFIX_PATH=/home/ichrak/Bureau/ros2_test-master/install/my_robot_description:${AMENT_PREFIX_PATH} CMAKE_PREFIX_PATH=/home/ichrak/Bureau/ros2_test-master/install/my_robot_description:/home/ichrak/Bureau/ros2_test-master/install/my_robot_bringup:/home/ichrak/ros2_ws/install/pkg1:/opt/ros/humble /usr/bin/cmake /home/ichrak/Bureau/ros2_test-master/src/my_robot_bringup -DAMENT_CMAKE_SYMLINK_INSTALL=1 -DCMAKE_INSTALL_PREFIX=/home/ichrak/Bureau/ros2_test-master/install/my_robot_bringup
[0.064s] -- The C compiler identification is GNU 11.4.0
[0.121s] -- The CXX compiler identification is GNU 11.4.0
[0.129s] -- Detecting C compiler ABI info
[0.203s] -- Detecting C compiler ABI info - done
[0.210s] -- Check for working C compiler: /usr/bin/cc - skipped
[0.210s] -- Detecting C compile features
[0.210s] -- Detecting C compile features - done
[0.213s] -- Detecting CXX compiler ABI info
[0.294s] -- Detecting CXX compiler ABI info - done
[0.301s] -- Check for working CXX compiler: /usr/bin/c++ - skipped
[0.301s] -- Detecting CXX compile features
[0.302s] -- Detecting CXX compile features - done
[0.305s] -- Found ament_cmake: 1.3.10 (/opt/ros/humble/share/ament_cmake/cmake)
[0.444s] -- Found Python3: /usr/bin/python3 (found version "3.10.12") found components: Interpreter 
[0.498s] -- Override CMake install command with custom implementation using symlinks instead of copying resources
[0.587s] -- Configuring done
[0.590s] -- Generating done
[0.591s] -- Build files have been written to: /home/ichrak/Bureau/ros2_test-master/build/my_robot_bringup
[0.596s] Invoked command in '/home/ichrak/Bureau/ros2_test-master/build/my_robot_bringup' returned '0': AMENT_PREFIX_PATH=/home/ichrak/Bureau/ros2_test-master/install/my_robot_description:${AMENT_PREFIX_PATH} CMAKE_PREFIX_PATH=/home/ichrak/Bureau/ros2_test-master/install/my_robot_description:/home/ichrak/Bureau/ros2_test-master/install/my_robot_bringup:/home/ichrak/ros2_ws/install/pkg1:/opt/ros/humble /usr/bin/cmake /home/ichrak/Bureau/ros2_test-master/src/my_robot_bringup -DAMENT_CMAKE_SYMLINK_INSTALL=1 -DCMAKE_INSTALL_PREFIX=/home/ichrak/Bureau/ros2_test-master/install/my_robot_bringup
[0.597s] Invoking command in '/home/ichrak/Bureau/ros2_test-master/build/my_robot_bringup': AMENT_PREFIX_PATH=/home/ichrak/Bureau/ros2_test-master/install/my_robot_description:${AMENT_PREFIX_PATH} CMAKE_PREFIX_PATH=/home/ichrak/Bureau/ros2_test-master/install/my_robot_description:/home/ichrak/Bureau/ros2_test-master/install/my_robot_bringup:/home/ichrak/ros2_ws/install/pkg1:/opt/ros/humble /usr/bin/cmake --build /home/ichrak/Bureau/ros2_test-master/build/my_robot_bringup -- -j12 -l12
[0.638s] Invoked command in '/home/ichrak/Bureau/ros2_test-master/build/my_robot_bringup' returned '0': AMENT_PREFIX_PATH=/home/ichrak/Bureau/ros2_test-master/install/my_robot_description:${AMENT_PREFIX_PATH} CMAKE_PREFIX_PATH=/home/ichrak/Bureau/ros2_test-master/install/my_robot_description:/home/ichrak/Bureau/ros2_test-master/install/my_robot_bringup:/home/ichrak/ros2_ws/install/pkg1:/opt/ros/humble /usr/bin/cmake --build /home/ichrak/Bureau/ros2_test-master/build/my_robot_bringup -- -j12 -l12
[0.662s] Invoking command in '/home/ichrak/Bureau/ros2_test-master/build/my_robot_bringup': AMENT_PREFIX_PATH=/home/ichrak/Bureau/ros2_test-master/install/my_robot_description:${AMENT_PREFIX_PATH} CMAKE_PREFIX_PATH=/home/ichrak/Bureau/ros2_test-master/install/my_robot_description:/home/ichrak/Bureau/ros2_test-master/install/my_robot_bringup:/home/ichrak/ros2_ws/install/pkg1:/opt/ros/humble /usr/bin/cmake --install /home/ichrak/Bureau/ros2_test-master/build/my_robot_bringup
[0.668s] -- Install configuration: ""
[0.669s] -- Execute custom install script
[0.669s] -- Up-to-date symlink: /home/ichrak/Bureau/ros2_test-master/install/my_robot_bringup/share/my_robot_bringup//launch/my_robot_gazebo.launch.xml
[0.670s] -- Up-to-date symlink: /home/ichrak/Bureau/ros2_test-master/install/my_robot_bringup/share/my_robot_bringup//rviz/mapper_params_online_async.yaml
[0.670s] -- Up-to-date symlink: /home/ichrak/Bureau/ros2_test-master/install/my_robot_bringup/share/my_robot_bringup//rviz/urdf_config.rviz
[0.670s] -- Up-to-date symlink: /home/ichrak/Bureau/ros2_test-master/install/my_robot_bringup/share/my_robot_bringup//worlds/test_world.world
[0.670s] -- Up-to-date symlink: /home/ichrak/Bureau/ros2_test-master/install/my_robot_bringup/share/ament_index/resource_index/package_run_dependencies/my_robot_bringup
[0.670s] -- Up-to-date symlink: /home/ichrak/Bureau/ros2_test-master/install/my_robot_bringup/share/ament_index/resource_index/parent_prefix_path/my_robot_bringup
[0.670s] -- Up-to-date symlink: /home/ichrak/Bureau/ros2_test-master/install/my_robot_bringup/share/my_robot_bringup/environment/ament_prefix_path.sh
[0.670s] -- Up-to-date symlink: /home/ichrak/Bureau/ros2_test-master/install/my_robot_bringup/share/my_robot_bringup/environment/ament_prefix_path.dsv
[0.671s] -- Up-to-date symlink: /home/ichrak/Bureau/ros2_test-master/install/my_robot_bringup/share/my_robot_bringup/environment/path.sh
[0.671s] -- Up-to-date symlink: /home/ichrak/Bureau/ros2_test-master/install/my_robot_bringup/share/my_robot_bringup/environment/path.dsv
[0.671s] -- Up-to-date symlink: /home/ichrak/Bureau/ros2_test-master/install/my_robot_bringup/share/my_robot_bringup/local_setup.bash
[0.671s] -- Up-to-date symlink: /home/ichrak/Bureau/ros2_test-master/install/my_robot_bringup/share/my_robot_bringup/local_setup.sh
[0.671s] -- Up-to-date symlink: /home/ichrak/Bureau/ros2_test-master/install/my_robot_bringup/share/my_robot_bringup/local_setup.zsh
[0.671s] -- Up-to-date symlink: /home/ichrak/Bureau/ros2_test-master/install/my_robot_bringup/share/my_robot_bringup/local_setup.dsv
[0.671s] -- Symlinking: /home/ichrak/Bureau/ros2_test-master/install/my_robot_bringup/share/my_robot_bringup/package.dsv
[0.681s] -- Up-to-date symlink: /home/ichrak/Bureau/ros2_test-master/install/my_robot_bringup/share/ament_index/resource_index/packages/my_robot_bringup
[0.681s] -- Up-to-date symlink: /home/ichrak/Bureau/ros2_test-master/install/my_robot_bringup/share/my_robot_bringup/cmake/my_robot_bringupConfig.cmake
[0.681s] -- Up-to-date symlink: /home/ichrak/Bureau/ros2_test-master/install/my_robot_bringup/share/my_robot_bringup/cmake/my_robot_bringupConfig-version.cmake
[0.682s] -- Up-to-date symlink: /home/ichrak/Bureau/ros2_test-master/install/my_robot_bringup/share/my_robot_bringup/package.xml
[0.684s] Invoked command in '/home/ichrak/Bureau/ros2_test-master/build/my_robot_bringup' returned '0': AMENT_PREFIX_PATH=/home/ichrak/Bureau/ros2_test-master/install/my_robot_description:${AMENT_PREFIX_PATH} CMAKE_PREFIX_PATH=/home/ichrak/Bureau/ros2_test-master/install/my_robot_description:/home/ichrak/Bureau/ros2_test-master/install/my_robot_bringup:/home/ichrak/ros2_ws/install/pkg1:/opt/ros/humble /usr/bin/cmake --install /home/ichrak/Bureau/ros2_test-master/build/my_robot_bringup
