[0.012s] Invoking command in '/home/ichrak/Bureau/ros2_test-master/build/ros2_mapping': CMAKE_PREFIX_PATH=${CMAKE_PREFIX_PATH}:/home/ichrak/ros2_ws/src/install/pkg1:/home/ichrak/ros2_ws/install/pkg1:/opt/ros/humble /usr/bin/cmake /home/ichrak/Bureau/ros2_test-master/src/ros2_mapping -DCMAKE_INSTALL_PREFIX=/home/ichrak/Bureau/ros2_test-master/install/ros2_mapping
[0.079s] -- The C compiler identification is GNU 11.4.0
[0.146s] -- The CXX compiler identification is GNU 11.4.0
[0.155s] -- Detecting C compiler ABI info
[0.244s] -- Detecting C compiler ABI info - done
[0.251s] -- Check for working C compiler: /usr/bin/cc - skipped
[0.251s] -- Detecting C compile features
[0.252s] -- Detecting C compile features - done
[0.254s] -- Detecting CXX compiler ABI info
[0.358s] -- Detecting CXX compiler ABI info - done
[0.365s] -- Check for working CXX compiler: /usr/bin/c++ - skipped
[0.366s] -- Detecting CXX compile features
[0.366s] -- Detecting CXX compile features - done
[0.369s] -- Found ament_cmake: 1.3.10 (/opt/ros/humble/share/ament_cmake/cmake)
[0.537s] -- Found Python3: /usr/bin/python3 (found version "3.10.12") found components: Interpreter 
[0.644s] -- Found ament_lint_auto: 0.12.11 (/opt/ros/humble/share/ament_lint_auto/cmake)
[0.729s] -- Added test 'flake8' to check Python code syntax and style conventions
[0.730s] -- Added test 'lint_cmake' to check CMake code style
[0.731s] -- Added test 'pep257' to check Python code against some of the docstring style conventions in PEP 257
[0.732s] -- Added test 'xmllint' to check XML markup files
[0.734s] -- Configuring done
[0.738s] -- Generating done
[0.739s] -- Build files have been written to: /home/ichrak/Bureau/ros2_test-master/build/ros2_mapping
[0.745s] Invoked command in '/home/ichrak/Bureau/ros2_test-master/build/ros2_mapping' returned '0': CMAKE_PREFIX_PATH=${CMAKE_PREFIX_PATH}:/home/ichrak/ros2_ws/src/install/pkg1:/home/ichrak/ros2_ws/install/pkg1:/opt/ros/humble /usr/bin/cmake /home/ichrak/Bureau/ros2_test-master/src/ros2_mapping -DCMAKE_INSTALL_PREFIX=/home/ichrak/Bureau/ros2_test-master/install/ros2_mapping
[0.748s] Invoking command in '/home/ichrak/Bureau/ros2_test-master/build/ros2_mapping': CMAKE_PREFIX_PATH=${CMAKE_PREFIX_PATH}:/home/ichrak/ros2_ws/src/install/pkg1:/home/ichrak/ros2_ws/install/pkg1:/opt/ros/humble /usr/bin/cmake --build /home/ichrak/Bureau/ros2_test-master/build/ros2_mapping -- -j12 -l12
[0.795s] Invoked command in '/home/ichrak/Bureau/ros2_test-master/build/ros2_mapping' returned '0': CMAKE_PREFIX_PATH=${CMAKE_PREFIX_PATH}:/home/ichrak/ros2_ws/src/install/pkg1:/home/ichrak/ros2_ws/install/pkg1:/opt/ros/humble /usr/bin/cmake --build /home/ichrak/Bureau/ros2_test-master/build/ros2_mapping -- -j12 -l12
[0.839s] Invoking command in '/home/ichrak/Bureau/ros2_test-master/build/ros2_mapping': CMAKE_PREFIX_PATH=${CMAKE_PREFIX_PATH}:/home/ichrak/ros2_ws/src/install/pkg1:/home/ichrak/ros2_ws/install/pkg1:/opt/ros/humble /usr/bin/cmake --install /home/ichrak/Bureau/ros2_test-master/build/ros2_mapping
[0.847s] -- Install configuration: ""
[0.848s] -- Installing: /home/ichrak/Bureau/ros2_test-master/install/ros2_mapping/share/ros2_mapping
[0.848s] -- Installing: /home/ichrak/Bureau/ros2_test-master/install/ros2_mapping/share/ros2_mapping/online_async_launch.py
[0.848s] -- Up-to-date: /home/ichrak/Bureau/ros2_test-master/install/ros2_mapping/share/ros2_mapping
[0.848s] -- Installing: /home/ichrak/Bureau/ros2_test-master/install/ros2_mapping/share/ros2_mapping/mapper_params_online_async.yaml
[0.848s] -- Installing: /home/ichrak/Bureau/ros2_test-master/install/ros2_mapping/share/ament_index/resource_index/package_run_dependencies/ros2_mapping
[0.848s] -- Installing: /home/ichrak/Bureau/ros2_test-master/install/ros2_mapping/share/ament_index/resource_index/parent_prefix_path/ros2_mapping
[0.848s] -- Installing: /home/ichrak/Bureau/ros2_test-master/install/ros2_mapping/share/ros2_mapping/environment/ament_prefix_path.sh
[0.848s] -- Installing: /home/ichrak/Bureau/ros2_test-master/install/ros2_mapping/share/ros2_mapping/environment/ament_prefix_path.dsv
[0.848s] -- Installing: /home/ichrak/Bureau/ros2_test-master/install/ros2_mapping/share/ros2_mapping/environment/path.sh
[0.849s] -- Installing: /home/ichrak/Bureau/ros2_test-master/install/ros2_mapping/share/ros2_mapping/environment/path.dsv
[0.849s] -- Installing: /home/ichrak/Bureau/ros2_test-master/install/ros2_mapping/share/ros2_mapping/local_setup.bash
[0.849s] -- Installing: /home/ichrak/Bureau/ros2_test-master/install/ros2_mapping/share/ros2_mapping/local_setup.sh
[0.849s] -- Installing: /home/ichrak/Bureau/ros2_test-master/install/ros2_mapping/share/ros2_mapping/local_setup.zsh
[0.849s] -- Installing: /home/ichrak/Bureau/ros2_test-master/install/ros2_mapping/share/ros2_mapping/local_setup.dsv
[0.850s] -- Installing: /home/ichrak/Bureau/ros2_test-master/install/ros2_mapping/share/ros2_mapping/package.dsv
[0.850s] -- Installing: /home/ichrak/Bureau/ros2_test-master/install/ros2_mapping/share/ament_index/resource_index/packages/ros2_mapping
[0.850s] -- Installing: /home/ichrak/Bureau/ros2_test-master/install/ros2_mapping/share/ros2_mapping/cmake/ros2_mappingConfig.cmake
[0.850s] -- Installing: /home/ichrak/Bureau/ros2_test-master/install/ros2_mapping/share/ros2_mapping/cmake/ros2_mappingConfig-version.cmake
[0.850s] -- Installing: /home/ichrak/Bureau/ros2_test-master/install/ros2_mapping/share/ros2_mapping/package.xml
[0.853s] Invoked command in '/home/ichrak/Bureau/ros2_test-master/build/ros2_mapping' returned '0': CMAKE_PREFIX_PATH=${CMAKE_PREFIX_PATH}:/home/ichrak/ros2_ws/src/install/pkg1:/home/ichrak/ros2_ws/install/pkg1:/opt/ros/humble /usr/bin/cmake --install /home/ichrak/Bureau/ros2_test-master/build/ros2_mapping
