[0.019s] Invoking command in '/home/ichrak/Bureau/ros2_test-master/build/my_robot_description': CMAKE_PREFIX_PATH=${CMAKE_PREFIX_PATH}:/home/ichrak/ros2_ws/install/ros2_mapping:/home/ichrak/ros2_ws/install/pkg1:/home/ichrak/ros2_ws/src/install/pkg1:/opt/ros/humble /usr/bin/cmake /home/ichrak/Bureau/ros2_test-master/src/my_robot_description -DAMENT_CMAKE_SYMLINK_INSTALL=1 -DCMAKE_INSTALL_PREFIX=/home/ichrak/Bureau/ros2_test-master/install/my_robot_description
[0.057s] -- Found ament_cmake: 1.3.10 (/opt/ros/humble/share/ament_cmake/cmake)
[0.192s] -- Override CMake install command with custom implementation using symlinks instead of copying resources
[0.286s] -- Configuring done
[0.290s] -- Generating done
[0.291s] -- Build files have been written to: /home/ichrak/Bureau/ros2_test-master/build/my_robot_description
[0.297s] Invoked command in '/home/ichrak/Bureau/ros2_test-master/build/my_robot_description' returned '0': CMAKE_PREFIX_PATH=${CMAKE_PREFIX_PATH}:/home/ichrak/ros2_ws/install/ros2_mapping:/home/ichrak/ros2_ws/install/pkg1:/home/ichrak/ros2_ws/src/install/pkg1:/opt/ros/humble /usr/bin/cmake /home/ichrak/Bureau/ros2_test-master/src/my_robot_description -DAMENT_CMAKE_SYMLINK_INSTALL=1 -DCMAKE_INSTALL_PREFIX=/home/ichrak/Bureau/ros2_test-master/install/my_robot_description
[0.298s] Invoking command in '/home/ichrak/Bureau/ros2_test-master/build/my_robot_description': CMAKE_PREFIX_PATH=${CMAKE_PREFIX_PATH}:/home/ichrak/ros2_ws/install/ros2_mapping:/home/ichrak/ros2_ws/install/pkg1:/home/ichrak/ros2_ws/src/install/pkg1:/opt/ros/humble /usr/bin/cmake --build /home/ichrak/Bureau/ros2_test-master/build/my_robot_description -- -j12 -l12
[0.347s] Invoked command in '/home/ichrak/Bureau/ros2_test-master/build/my_robot_description' returned '0': CMAKE_PREFIX_PATH=${CMAKE_PREFIX_PATH}:/home/ichrak/ros2_ws/install/ros2_mapping:/home/ichrak/ros2_ws/install/pkg1:/home/ichrak/ros2_ws/src/install/pkg1:/opt/ros/humble /usr/bin/cmake --build /home/ichrak/Bureau/ros2_test-master/build/my_robot_description -- -j12 -l12
[0.389s] Invoking command in '/home/ichrak/Bureau/ros2_test-master/build/my_robot_description': CMAKE_PREFIX_PATH=${CMAKE_PREFIX_PATH}:/home/ichrak/ros2_ws/install/ros2_mapping:/home/ichrak/ros2_ws/install/pkg1:/home/ichrak/ros2_ws/src/install/pkg1:/opt/ros/humble /usr/bin/cmake --install /home/ichrak/Bureau/ros2_test-master/build/my_robot_description
[0.397s] -- Install configuration: ""
[0.398s] -- Execute custom install script
[0.398s] -- Up-to-date symlink: /home/ichrak/Bureau/ros2_test-master/install/my_robot_description/share/my_robot_description//urdf/camera.xacro
[0.398s] -- Up-to-date symlink: /home/ichrak/Bureau/ros2_test-master/install/my_robot_description/share/my_robot_description//urdf/common_properties.xacro
[0.398s] -- Up-to-date symlink: /home/ichrak/Bureau/ros2_test-master/install/my_robot_description/share/my_robot_description//urdf/lidar.xacro
[0.398s] -- Up-to-date symlink: /home/ichrak/Bureau/ros2_test-master/install/my_robot_description/share/my_robot_description//urdf/mobile_base.xacro
[0.399s] -- Up-to-date symlink: /home/ichrak/Bureau/ros2_test-master/install/my_robot_description/share/my_robot_description//urdf/mobile_base_gazebo.xacro
[0.399s] -- Up-to-date symlink: /home/ichrak/Bureau/ros2_test-master/install/my_robot_description/share/my_robot_description//urdf/my_robot.urdf.xacro
[0.399s] -- Up-to-date symlink: /home/ichrak/Bureau/ros2_test-master/install/my_robot_description/share/my_robot_description//launch/display.launch.py
[0.399s] -- Up-to-date symlink: /home/ichrak/Bureau/ros2_test-master/install/my_robot_description/share/my_robot_description//launch/display.launch.xml
[0.399s] -- Up-to-date symlink: /home/ichrak/Bureau/ros2_test-master/install/my_robot_description/share/my_robot_description//rviz/urdf_config.rviz
[0.399s] -- Up-to-date symlink: /home/ichrak/Bureau/ros2_test-master/install/my_robot_description/share/ament_index/resource_index/package_run_dependencies/my_robot_description
[0.400s] -- Up-to-date symlink: /home/ichrak/Bureau/ros2_test-master/install/my_robot_description/share/ament_index/resource_index/parent_prefix_path/my_robot_description
[0.400s] -- Up-to-date symlink: /home/ichrak/Bureau/ros2_test-master/install/my_robot_description/share/my_robot_description/environment/ament_prefix_path.sh
[0.400s] -- Up-to-date symlink: /home/ichrak/Bureau/ros2_test-master/install/my_robot_description/share/my_robot_description/environment/ament_prefix_path.dsv
[0.400s] -- Up-to-date symlink: /home/ichrak/Bureau/ros2_test-master/install/my_robot_description/share/my_robot_description/environment/path.sh
[0.400s] -- Up-to-date symlink: /home/ichrak/Bureau/ros2_test-master/install/my_robot_description/share/my_robot_description/environment/path.dsv
[0.400s] -- Up-to-date symlink: /home/ichrak/Bureau/ros2_test-master/install/my_robot_description/share/my_robot_description/local_setup.bash
[0.401s] -- Up-to-date symlink: /home/ichrak/Bureau/ros2_test-master/install/my_robot_description/share/my_robot_description/local_setup.sh
[0.401s] -- Up-to-date symlink: /home/ichrak/Bureau/ros2_test-master/install/my_robot_description/share/my_robot_description/local_setup.zsh
[0.401s] -- Up-to-date symlink: /home/ichrak/Bureau/ros2_test-master/install/my_robot_description/share/my_robot_description/local_setup.dsv
[0.401s] -- Symlinking: /home/ichrak/Bureau/ros2_test-master/install/my_robot_description/share/my_robot_description/package.dsv
[0.413s] -- Up-to-date symlink: /home/ichrak/Bureau/ros2_test-master/install/my_robot_description/share/ament_index/resource_index/packages/my_robot_description
[0.414s] -- Up-to-date symlink: /home/ichrak/Bureau/ros2_test-master/install/my_robot_description/share/my_robot_description/cmake/my_robot_descriptionConfig.cmake
[0.414s] -- Up-to-date symlink: /home/ichrak/Bureau/ros2_test-master/install/my_robot_description/share/my_robot_description/cmake/my_robot_descriptionConfig-version.cmake
[0.414s] -- Up-to-date symlink: /home/ichrak/Bureau/ros2_test-master/install/my_robot_description/share/my_robot_description/package.xml
[0.418s] Invoked command in '/home/ichrak/Bureau/ros2_test-master/build/my_robot_description' returned '0': CMAKE_PREFIX_PATH=${CMAKE_PREFIX_PATH}:/home/ichrak/ros2_ws/install/ros2_mapping:/home/ichrak/ros2_ws/install/pkg1:/home/ichrak/ros2_ws/src/install/pkg1:/opt/ros/humble /usr/bin/cmake --install /home/ichrak/Bureau/ros2_test-master/build/my_robot_description
