[0.009s] Invoking command in '/home/ichrak/Bureau/ros2_test-master/build/my_robot_bringup': AMENT_PREFIX_PATH=/home/ichrak/Bureau/ros2_test-master/install/my_robot_description:${AMENT_PREFIX_PATH} CMAKE_PREFIX_PATH=/home/ichrak/Bureau/ros2_test-master/install/my_robot_description:/home/ichrak/ros2_ws/src/install/ros2_mapping:/home/ichrak/ros2_ws/install/ros2_mapping:/home/ichrak/ros2_ws/install/pkg1:/home/ichrak/ros2_ws/src/install/pkg1:/opt/ros/humble /usr/bin/cmake --build /home/ichrak/Bureau/ros2_test-master/build/my_robot_bringup -- -j12 -l12
[0.049s] Invoked command in '/home/ichrak/Bureau/ros2_test-master/build/my_robot_bringup' returned '0': AMENT_PREFIX_PATH=/home/ichrak/Bureau/ros2_test-master/install/my_robot_description:${AMENT_PREFIX_PATH} CMAKE_PREFIX_PATH=/home/ichrak/Bureau/ros2_test-master/install/my_robot_description:/home/ichrak/ros2_ws/src/install/ros2_mapping:/home/ichrak/ros2_ws/install/ros2_mapping:/home/ichrak/ros2_ws/install/pkg1:/home/ichrak/ros2_ws/src/install/pkg1:/opt/ros/humble /usr/bin/cmake --build /home/ichrak/Bureau/ros2_test-master/build/my_robot_bringup -- -j12 -l12
[0.072s] Invoking command in '/home/ichrak/Bureau/ros2_test-master/build/my_robot_bringup': AMENT_PREFIX_PATH=/home/ichrak/Bureau/ros2_test-master/install/my_robot_description:${AMENT_PREFIX_PATH} CMAKE_PREFIX_PATH=/home/ichrak/Bureau/ros2_test-master/install/my_robot_description:/home/ichrak/ros2_ws/src/install/ros2_mapping:/home/ichrak/ros2_ws/install/ros2_mapping:/home/ichrak/ros2_ws/install/pkg1:/home/ichrak/ros2_ws/src/install/pkg1:/opt/ros/humble /usr/bin/cmake --install /home/ichrak/Bureau/ros2_test-master/build/my_robot_bringup
[0.079s] -- Install configuration: ""
[0.080s] -- Execute custom install script
[0.080s] -- Up-to-date symlink: /home/ichrak/Bureau/ros2_test-master/install/my_robot_bringup/share/my_robot_bringup//launch/my_robot_gazebo.launch.xml
[0.080s] -- Up-to-date symlink: /home/ichrak/Bureau/ros2_test-master/install/my_robot_bringup/share/my_robot_bringup//rviz/mapper_params_online_async.yaml
[0.080s] -- Up-to-date symlink: /home/ichrak/Bureau/ros2_test-master/install/my_robot_bringup/share/my_robot_bringup//rviz/urdf_config.rviz
[0.081s] -- Up-to-date symlink: /home/ichrak/Bureau/ros2_test-master/install/my_robot_bringup/share/my_robot_bringup//worlds/test_world.world
[0.081s] -- Up-to-date symlink: /home/ichrak/Bureau/ros2_test-master/install/my_robot_bringup/share/ament_index/resource_index/package_run_dependencies/my_robot_bringup
[0.081s] -- Up-to-date symlink: /home/ichrak/Bureau/ros2_test-master/install/my_robot_bringup/share/ament_index/resource_index/parent_prefix_path/my_robot_bringup
[0.081s] -- Up-to-date symlink: /home/ichrak/Bureau/ros2_test-master/install/my_robot_bringup/share/my_robot_bringup/environment/ament_prefix_path.sh
[0.081s] -- Up-to-date symlink: /home/ichrak/Bureau/ros2_test-master/install/my_robot_bringup/share/my_robot_bringup/environment/ament_prefix_path.dsv
[0.081s] -- Up-to-date symlink: /home/ichrak/Bureau/ros2_test-master/install/my_robot_bringup/share/my_robot_bringup/environment/path.sh
[0.081s] -- Up-to-date symlink: /home/ichrak/Bureau/ros2_test-master/install/my_robot_bringup/share/my_robot_bringup/environment/path.dsv
[0.081s] -- Up-to-date symlink: /home/ichrak/Bureau/ros2_test-master/install/my_robot_bringup/share/my_robot_bringup/local_setup.bash
[0.082s] -- Up-to-date symlink: /home/ichrak/Bureau/ros2_test-master/install/my_robot_bringup/share/my_robot_bringup/local_setup.sh
[0.082s] -- Up-to-date symlink: /home/ichrak/Bureau/ros2_test-master/install/my_robot_bringup/share/my_robot_bringup/local_setup.zsh
[0.082s] -- Up-to-date symlink: /home/ichrak/Bureau/ros2_test-master/install/my_robot_bringup/share/my_robot_bringup/local_setup.dsv
[0.082s] -- Symlinking: /home/ichrak/Bureau/ros2_test-master/install/my_robot_bringup/share/my_robot_bringup/package.dsv
[0.093s] -- Up-to-date symlink: /home/ichrak/Bureau/ros2_test-master/install/my_robot_bringup/share/ament_index/resource_index/packages/my_robot_bringup
[0.093s] -- Up-to-date symlink: /home/ichrak/Bureau/ros2_test-master/install/my_robot_bringup/share/my_robot_bringup/cmake/my_robot_bringupConfig.cmake
[0.093s] -- Up-to-date symlink: /home/ichrak/Bureau/ros2_test-master/install/my_robot_bringup/share/my_robot_bringup/cmake/my_robot_bringupConfig-version.cmake
[0.093s] -- Up-to-date symlink: /home/ichrak/Bureau/ros2_test-master/install/my_robot_bringup/share/my_robot_bringup/package.xml
[0.097s] Invoked command in '/home/ichrak/Bureau/ros2_test-master/build/my_robot_bringup' returned '0': AMENT_PREFIX_PATH=/home/ichrak/Bureau/ros2_test-master/install/my_robot_description:${AMENT_PREFIX_PATH} CMAKE_PREFIX_PATH=/home/ichrak/Bureau/ros2_test-master/install/my_robot_description:/home/ichrak/ros2_ws/src/install/ros2_mapping:/home/ichrak/ros2_ws/install/ros2_mapping:/home/ichrak/ros2_ws/install/pkg1:/home/ichrak/ros2_ws/src/install/pkg1:/opt/ros/humble /usr/bin/cmake --install /home/ichrak/Bureau/ros2_test-master/build/my_robot_bringup
