[0.017s] Invoking command in '/home/ichrak/Bureau/ros2_test-master/build/my_robot_description': CMAKE_PREFIX_PATH=${CMAKE_PREFIX_PATH}:/home/ichrak/ros2_ws/src/install/pkg1:/home/ichrak/ros2_ws/install/pkg1:/opt/ros/humble /usr/bin/cmake /home/ichrak/Bureau/ros2_test-master/src/my_robot_description -DCMAKE_INSTALL_PREFIX=/home/ichrak/Bureau/ros2_test-master/install/my_robot_description
[0.032s] -- Found ament_cmake: 1.3.10 (/opt/ros/humble/share/ament_cmake/cmake)
[0.142s] -- Override CMake install command with custom implementation using symlinks instead of copying resources
[0.208s] -- Configuring done
[0.212s] -- Generating done
[0.213s] -- Build files have been written to: /home/ichrak/Bureau/ros2_test-master/build/my_robot_description
[0.216s] Invoked command in '/home/ichrak/Bureau/ros2_test-master/build/my_robot_description' returned '0': CMAKE_PREFIX_PATH=${CMAKE_PREFIX_PATH}:/home/ichrak/ros2_ws/src/install/pkg1:/home/ichrak/ros2_ws/install/pkg1:/opt/ros/humble /usr/bin/cmake /home/ichrak/Bureau/ros2_test-master/src/my_robot_description -DCMAKE_INSTALL_PREFIX=/home/ichrak/Bureau/ros2_test-master/install/my_robot_description
[0.217s] Invoking command in '/home/ichrak/Bureau/ros2_test-master/build/my_robot_description': CMAKE_PREFIX_PATH=${CMAKE_PREFIX_PATH}:/home/ichrak/ros2_ws/src/install/pkg1:/home/ichrak/ros2_ws/install/pkg1:/opt/ros/humble /usr/bin/cmake --build /home/ichrak/Bureau/ros2_test-master/build/my_robot_description -- -j12 -l12
[0.258s] Invoked command in '/home/ichrak/Bureau/ros2_test-master/build/my_robot_description' returned '0': CMAKE_PREFIX_PATH=${CMAKE_PREFIX_PATH}:/home/ichrak/ros2_ws/src/install/pkg1:/home/ichrak/ros2_ws/install/pkg1:/opt/ros/humble /usr/bin/cmake --build /home/ichrak/Bureau/ros2_test-master/build/my_robot_description -- -j12 -l12
[0.282s] Invoking command in '/home/ichrak/Bureau/ros2_test-master/build/my_robot_description': CMAKE_PREFIX_PATH=${CMAKE_PREFIX_PATH}:/home/ichrak/ros2_ws/src/install/pkg1:/home/ichrak/ros2_ws/install/pkg1:/opt/ros/humble /usr/bin/cmake --install /home/ichrak/Bureau/ros2_test-master/build/my_robot_description
[0.289s] -- Install configuration: ""
[0.290s] -- Execute custom install script
[0.290s] -- Up-to-date symlink: /home/ichrak/Bureau/ros2_test-master/install/my_robot_description/share/my_robot_description//urdf/camera.xacro
[0.290s] -- Up-to-date symlink: /home/ichrak/Bureau/ros2_test-master/install/my_robot_description/share/my_robot_description//urdf/common_properties.xacro
[0.290s] -- Up-to-date symlink: /home/ichrak/Bureau/ros2_test-master/install/my_robot_description/share/my_robot_description//urdf/lidar.xacro
[0.291s] -- Up-to-date symlink: /home/ichrak/Bureau/ros2_test-master/install/my_robot_description/share/my_robot_description//urdf/mobile_base.xacro
[0.291s] -- Up-to-date symlink: /home/ichrak/Bureau/ros2_test-master/install/my_robot_description/share/my_robot_description//urdf/mobile_base_gazebo.xacro
[0.291s] -- Up-to-date symlink: /home/ichrak/Bureau/ros2_test-master/install/my_robot_description/share/my_robot_description//urdf/my_robot.urdf.xacro
[0.291s] -- Up-to-date symlink: /home/ichrak/Bureau/ros2_test-master/install/my_robot_description/share/my_robot_description//launch/display.launch.py
[0.291s] -- Up-to-date symlink: /home/ichrak/Bureau/ros2_test-master/install/my_robot_description/share/my_robot_description//launch/display.launch.xml
[0.291s] -- Up-to-date symlink: /home/ichrak/Bureau/ros2_test-master/install/my_robot_description/share/my_robot_description//rviz/urdf_config.rviz
[0.291s] -- Up-to-date symlink: /home/ichrak/Bureau/ros2_test-master/install/my_robot_description/share/ament_index/resource_index/package_run_dependencies/my_robot_description
[0.292s] -- Up-to-date symlink: /home/ichrak/Bureau/ros2_test-master/install/my_robot_description/share/ament_index/resource_index/parent_prefix_path/my_robot_description
[0.292s] -- Up-to-date symlink: /home/ichrak/Bureau/ros2_test-master/install/my_robot_description/share/my_robot_description/environment/ament_prefix_path.sh
[0.292s] -- Up-to-date symlink: /home/ichrak/Bureau/ros2_test-master/install/my_robot_description/share/my_robot_description/environment/ament_prefix_path.dsv
[0.292s] -- Up-to-date symlink: /home/ichrak/Bureau/ros2_test-master/install/my_robot_description/share/my_robot_description/environment/path.sh
[0.292s] -- Up-to-date symlink: /home/ichrak/Bureau/ros2_test-master/install/my_robot_description/share/my_robot_description/environment/path.dsv
[0.292s] -- Up-to-date symlink: /home/ichrak/Bureau/ros2_test-master/install/my_robot_description/share/my_robot_description/local_setup.bash
[0.292s] -- Up-to-date symlink: /home/ichrak/Bureau/ros2_test-master/install/my_robot_description/share/my_robot_description/local_setup.sh
[0.293s] -- Up-to-date symlink: /home/ichrak/Bureau/ros2_test-master/install/my_robot_description/share/my_robot_description/local_setup.zsh
[0.293s] -- Up-to-date symlink: /home/ichrak/Bureau/ros2_test-master/install/my_robot_description/share/my_robot_description/local_setup.dsv
[0.293s] -- Symlinking: /home/ichrak/Bureau/ros2_test-master/install/my_robot_description/share/my_robot_description/package.dsv
[0.302s] -- Up-to-date symlink: /home/ichrak/Bureau/ros2_test-master/install/my_robot_description/share/ament_index/resource_index/packages/my_robot_description
[0.303s] -- Up-to-date symlink: /home/ichrak/Bureau/ros2_test-master/install/my_robot_description/share/my_robot_description/cmake/my_robot_descriptionConfig.cmake
[0.303s] -- Up-to-date symlink: /home/ichrak/Bureau/ros2_test-master/install/my_robot_description/share/my_robot_description/cmake/my_robot_descriptionConfig-version.cmake
[0.303s] -- Up-to-date symlink: /home/ichrak/Bureau/ros2_test-master/install/my_robot_description/share/my_robot_description/package.xml
[0.305s] Invoked command in '/home/ichrak/Bureau/ros2_test-master/build/my_robot_description' returned '0': CMAKE_PREFIX_PATH=${CMAKE_PREFIX_PATH}:/home/ichrak/ros2_ws/src/install/pkg1:/home/ichrak/ros2_ws/install/pkg1:/opt/ros/humble /usr/bin/cmake --install /home/ichrak/Bureau/ros2_test-master/build/my_robot_description
